  [1m[35m (6.3ms)[0m  [1m[35mCREATE TABLE "schema_migrations" ("version" varchar NOT NULL PRIMARY KEY)[0m
  [1m[35m (3.5ms)[0m  [1m[35mCREATE TABLE "ar_internal_metadata" ("key" varchar NOT NULL PRIMARY KEY, "value" varchar, "created_at" datetime(6) NOT NULL, "updated_at" datetime(6) NOT NULL)[0m
  [1m[36mActiveRecord::SchemaMigration Pluck (0.1ms)[0m  [1m[34mSELECT "schema_migrations"."version" FROM "schema_migrations" ORDER BY "schema_migrations"."version" ASC[0m
Migrating to CreateClientWorkouts (20231201062401)
  [1m[36mTRANSACTION (0.1ms)[0m  [1m[36mbegin transaction[0m
  [1m[35m (0.2ms)[0m  [1m[35mCREATE TABLE "client_workouts" ("id" integer PRIMARY KEY AUTOINCREMENT NOT NULL, "client_name" varchar, "trainer" varchar, "duration_mins" integer, "date_of_workout" date, "paid_amount" decimal, "created_at" datetime(6) NOT NULL, "updated_at" datetime(6) NOT NULL)[0m
  [1m[36mActiveRecord::SchemaMigration Create (0.2ms)[0m  [1m[32mINSERT INTO "schema_migrations" ("version") VALUES (?)[0m  [["version", "20231201062401"]]
  [1m[36mTRANSACTION (15.0ms)[0m  [1m[36mcommit transaction[0m
  [1m[36mActiveRecord::InternalMetadata Load (0.1ms)[0m  [1m[34mSELECT "ar_internal_metadata".* FROM "ar_internal_metadata" WHERE "ar_internal_metadata"."key" = ? LIMIT ?[0m  [["key", "environment"], ["LIMIT", 1]]
  [1m[36mTRANSACTION (0.1ms)[0m  [1m[36mbegin transaction[0m
  [1m[36mActiveRecord::InternalMetadata Create (0.2ms)[0m  [1m[32mINSERT INTO "ar_internal_metadata" ("key", "value", "created_at", "updated_at") VALUES (?, ?, ?, ?)[0m  [["key", "environment"], ["value", "development"], ["created_at", "2023-12-01 06:24:23.569606"], ["updated_at", "2023-12-01 06:24:23.569606"]]
  [1m[36mTRANSACTION (6.4ms)[0m  [1m[36mcommit transaction[0m
  [1m[36mActiveRecord::SchemaMigration Pluck (0.1ms)[0m  [1m[34mSELECT "schema_migrations"."version" FROM "schema_migrations" ORDER BY "schema_migrations"."version" ASC[0m
  [1m[36mActiveRecord::SchemaMigration Pluck (0.1ms)[0m  [1m[34mSELECT "schema_migrations"."version" FROM "schema_migrations" ORDER BY "schema_migrations"."version" ASC[0m
  [1m[36mClientWorkout Load (0.1ms)[0m  [1m[34mSELECT "client_workouts".* FROM "client_workouts"[0m
  [1m[36mTRANSACTION (0.1ms)[0m  [1m[36mbegin transaction[0m
  [1m[36mClientWorkout Create (0.9ms)[0m  [1m[32mINSERT INTO "client_workouts" ("client_name", "trainer", "duration_mins", "date_of_workout", "paid_amount", "created_at", "updated_at") VALUES (?, ?, ?, ?, ?, ?, ?)[0m  [["client_name", "Kirk Stigwood"], ["trainer", "Clint"], ["duration_mins", 60], ["date_of_workout", "2009-10-05"], ["paid_amount", 50.0], ["created_at", "2023-12-01 06:40:12.430958"], ["updated_at", "2023-12-01 06:40:12.430958"]]
  [1m[36mTRANSACTION (6.1ms)[0m  [1m[36mcommit transaction[0m
  [1m[36mTRANSACTION (0.0ms)[0m  [1m[36mbegin transaction[0m
  [1m[36mClientWorkout Create (0.2ms)[0m  [1m[32mINSERT INTO "client_workouts" ("client_name", "trainer", "duration_mins", "date_of_workout", "paid_amount", "created_at", "updated_at") VALUES (?, ?, ?, ?, ?, ?, ?)[0m  [["client_name", "Lenny Goldberg"], ["trainer", "Clint"], ["duration_mins", 30], ["date_of_workout", "2009-07-14"], ["paid_amount", 25.0], ["created_at", "2023-12-01 06:40:12.442827"], ["updated_at", "2023-12-01 06:40:12.442827"]]
  [1m[36mTRANSACTION (3.0ms)[0m  [1m[36mcommit transaction[0m
  [1m[36mTRANSACTION (0.0ms)[0m  [1m[36mbegin transaction[0m
  [1m[36mClientWorkout Create (0.2ms)[0m  [1m[32mINSERT INTO "client_workouts" ("client_name", "trainer", "duration_mins", "date_of_workout", "paid_amount", "created_at", "updated_at") VALUES (?, ?, ?, ?, ?, ?, ?)[0m  [["client_name", "Lenny Goldberg"], ["trainer", "Brad"], ["duration_mins", 30], ["date_of_workout", "2009-07-19"], ["paid_amount", 25.0], ["created_at", "2023-12-01 06:40:12.450134"], ["updated_at", "2023-12-01 06:40:12.450134"]]
  [1m[36mTRANSACTION (2.8ms)[0m  [1m[36mcommit transaction[0m
  [1m[36mTRANSACTION (0.0ms)[0m  [1m[36mbegin transaction[0m
  [1m[36mClientWorkout Create (0.2ms)[0m  [1m[32mINSERT INTO "client_workouts" ("client_name", "trainer", "duration_mins", "date_of_workout", "paid_amount", "created_at", "updated_at") VALUES (?, ?, ?, ?, ?, ?, ?)[0m  [["client_name", "Lenny Goldberg"], ["trainer", "Sven"], ["duration_mins", 90], ["date_of_workout", "2009-08-02"], ["paid_amount", 75.0], ["created_at", "2023-12-01 06:40:12.457265"], ["updated_at", "2023-12-01 06:40:12.457265"]]
  [1m[36mTRANSACTION (3.7ms)[0m  [1m[36mcommit transaction[0m
  [1m[36mTRANSACTION (0.0ms)[0m  [1m[36mbegin transaction[0m
  [1m[36mClientWorkout Create (0.2ms)[0m  [1m[32mINSERT INTO "client_workouts" ("client_name", "trainer", "duration_mins", "date_of_workout", "paid_amount", "created_at", "updated_at") VALUES (?, ?, ?, ?, ?, ?, ?)[0m  [["client_name", "Lenny Goldberg"], ["trainer", "Marshall"], ["duration_mins", 15], ["date_of_workout", "2009-09-29"], ["paid_amount", 15.0], ["created_at", "2023-12-01 06:40:12.465202"], ["updated_at", "2023-12-01 06:40:12.465202"]]
  [1m[36mTRANSACTION (3.2ms)[0m  [1m[36mcommit transaction[0m
  [1m[36mTRANSACTION (0.0ms)[0m  [1m[36mbegin transaction[0m
  [1m[36mClientWorkout Create (0.2ms)[0m  [1m[32mINSERT INTO "client_workouts" ("client_name", "trainer", "duration_mins", "date_of_workout", "paid_amount", "created_at", "updated_at") VALUES (?, ?, ?, ?, ?, ?, ?)[0m  [["client_name", "Lenny Goldberg"], ["trainer", "Clint"], ["duration_mins", 30], ["date_of_workout", "2009-10-01"], ["paid_amount", 25.0], ["created_at", "2023-12-01 06:40:12.472584"], ["updated_at", "2023-12-01 06:40:12.472584"]]
  [1m[36mTRANSACTION (3.2ms)[0m  [1m[36mcommit transaction[0m
  [1m[36mTRANSACTION (0.0ms)[0m  [1m[36mbegin transaction[0m
  [1m[36mClientWorkout Create (0.2ms)[0m  [1m[32mINSERT INTO "client_workouts" ("client_name", "trainer", "duration_mins", "date_of_workout", "paid_amount", "created_at", "updated_at") VALUES (?, ?, ?, ?, ?, ?, ?)[0m  [["client_name", "Lenny Goldberg"], ["trainer", "Sara"], ["duration_mins", 30], ["date_of_workout", "2009-10-05"], ["paid_amount", 25.0], ["created_at", "2023-12-01 06:40:12.479974"], ["updated_at", "2023-12-01 06:40:12.479974"]]
  [1m[36mTRANSACTION (3.7ms)[0m  [1m[36mcommit transaction[0m
  [1m[36mClientWorkout Count (0.1ms)[0m  [1m[34mSELECT COUNT(*) FROM "client_workouts"[0m
  [1m[36mActiveRecord::SchemaMigration Pluck (0.1ms)[0m  [1m[34mSELECT "schema_migrations"."version" FROM "schema_migrations" ORDER BY "schema_migrations"."version" ASC[0m
  [1m[36mActiveRecord::InternalMetadata Load (0.1ms)[0m  [1m[34mSELECT "ar_internal_metadata".* FROM "ar_internal_metadata" WHERE "ar_internal_metadata"."key" = ? LIMIT ?[0m  [["key", "environment"], ["LIMIT", 1]]
  [1m[36mActiveRecord::SchemaMigration Pluck (0.1ms)[0m  [1m[34mSELECT "schema_migrations"."version" FROM "schema_migrations" ORDER BY "schema_migrations"."version" ASC[0m
  [1m[36mActiveRecord::SchemaMigration Pluck (0.2ms)[0m  [1m[34mSELECT "schema_migrations"."version" FROM "schema_migrations" ORDER BY "schema_migrations"."version" ASC[0m
  [1m[36mActiveRecord::SchemaMigration Pluck (0.1ms)[0m  [1m[34mSELECT "schema_migrations"."version" FROM "schema_migrations" ORDER BY "schema_migrations"."version" ASC[0m
  [1m[36mActiveRecord::SchemaMigration Pluck (0.1ms)[0m  [1m[34mSELECT "schema_migrations"."version" FROM "schema_migrations" ORDER BY "schema_migrations"."version" ASC[0m
  [1m[36mActiveRecord::InternalMetadata Pluck (0.1ms)[0m  [1m[34mSELECT "ar_internal_metadata"."value" FROM "ar_internal_metadata" WHERE "ar_internal_metadata"."key" = ? LIMIT ?[0m  [["key", "environment"], ["LIMIT", 1]]
  [1m[36mActiveRecord::SchemaMigration Pluck (0.1ms)[0m  [1m[34mSELECT "schema_migrations"."version" FROM "schema_migrations" ORDER BY "schema_migrations"."version" ASC[0m
  [1m[36mActiveRecord::InternalMetadata Pluck (0.1ms)[0m  [1m[34mSELECT "ar_internal_metadata"."value" FROM "ar_internal_metadata" WHERE "ar_internal_metadata"."key" = ? LIMIT ?[0m  [["key", "environment"], ["LIMIT", 1]]
  [1m[36mActiveRecord::SchemaMigration Pluck (0.1ms)[0m  [1m[34mSELECT "schema_migrations"."version" FROM "schema_migrations" ORDER BY "schema_migrations"."version" ASC[0m
  [1m[36mActiveRecord::InternalMetadata Pluck (0.1ms)[0m  [1m[34mSELECT "ar_internal_metadata"."value" FROM "ar_internal_metadata" WHERE "ar_internal_metadata"."key" = ? LIMIT ?[0m  [["key", "environment"], ["LIMIT", 1]]
  [1m[35m (0.1ms)[0m  [1m[35mDROP TABLE IF EXISTS "client_workouts"[0m
  [1m[35m (19.4ms)[0m  [1m[35mCREATE TABLE "client_workouts" ("id" integer PRIMARY KEY AUTOINCREMENT NOT NULL, "client_name" varchar, "trainer" varchar, "duration_mins" integer, "date_of_workout" date, "paid_amount" decimal, "created_at" datetime(6) NOT NULL, "updated_at" datetime(6) NOT NULL)[0m
  [1m[35m (4.8ms)[0m  [1m[35mCREATE TABLE "schema_migrations" ("version" varchar NOT NULL PRIMARY KEY)[0m
  [1m[36mActiveRecord::SchemaMigration Pluck (0.1ms)[0m  [1m[34mSELECT "schema_migrations"."version" FROM "schema_migrations" ORDER BY "schema_migrations"."version" ASC[0m
  [1m[35m (4.9ms)[0m  [1m[32mINSERT INTO "schema_migrations" (version) VALUES (20231201062401)[0m
  [1m[35m (3.5ms)[0m  [1m[35mCREATE TABLE "ar_internal_metadata" ("key" varchar NOT NULL PRIMARY KEY, "value" varchar, "created_at" datetime(6) NOT NULL, "updated_at" datetime(6) NOT NULL)[0m
  [1m[36mActiveRecord::InternalMetadata Load (0.1ms)[0m  [1m[34mSELECT "ar_internal_metadata".* FROM "ar_internal_metadata" WHERE "ar_internal_metadata"."key" = ? LIMIT ?[0m  [["key", "environment"], ["LIMIT", 1]]
  [1m[36mTRANSACTION (0.1ms)[0m  [1m[36mbegin transaction[0m
  [1m[36mActiveRecord::InternalMetadata Create (0.2ms)[0m  [1m[32mINSERT INTO "ar_internal_metadata" ("key", "value", "created_at", "updated_at") VALUES (?, ?, ?, ?)[0m  [["key", "environment"], ["value", "development"], ["created_at", "2023-12-01 06:42:53.319614"], ["updated_at", "2023-12-01 06:42:53.319614"]]
  [1m[36mTRANSACTION (18.5ms)[0m  [1m[36mcommit transaction[0m
  [1m[36mActiveRecord::InternalMetadata Load (0.1ms)[0m  [1m[34mSELECT "ar_internal_metadata".* FROM "ar_internal_metadata" WHERE "ar_internal_metadata"."key" = ? LIMIT ?[0m  [["key", "environment"], ["LIMIT", 1]]
  [1m[36mActiveRecord::InternalMetadata Load (0.1ms)[0m  [1m[34mSELECT "ar_internal_metadata".* FROM "ar_internal_metadata" WHERE "ar_internal_metadata"."key" = ? LIMIT ?[0m  [["key", "schema_sha1"], ["LIMIT", 1]]
  [1m[36mTRANSACTION (0.0ms)[0m  [1m[36mbegin transaction[0m
  [1m[36mActiveRecord::InternalMetadata Create (0.2ms)[0m  [1m[32mINSERT INTO "ar_internal_metadata" ("key", "value", "created_at", "updated_at") VALUES (?, ?, ?, ?)[0m  [["key", "schema_sha1"], ["value", "1c583d3ae5ae939296222c641170de2f77167615"], ["created_at", "2023-12-01 06:42:53.347365"], ["updated_at", "2023-12-01 06:42:53.347365"]]
  [1m[36mTRANSACTION (3.0ms)[0m  [1m[36mcommit transaction[0m
  [1m[35m (0.1ms)[0m  [1m[35mDROP TABLE IF EXISTS "client_workouts"[0m
  [1m[35m (8.9ms)[0m  [1m[35mCREATE TABLE "client_workouts" ("id" integer PRIMARY KEY AUTOINCREMENT NOT NULL, "client_name" varchar, "trainer" varchar, "duration_mins" integer, "date_of_workout" date, "paid_amount" decimal, "created_at" datetime(6) NOT NULL, "updated_at" datetime(6) NOT NULL)[0m
  [1m[35m (3.7ms)[0m  [1m[35mCREATE TABLE "schema_migrations" ("version" varchar NOT NULL PRIMARY KEY)[0m
  [1m[36mActiveRecord::SchemaMigration Pluck (0.1ms)[0m  [1m[34mSELECT "schema_migrations"."version" FROM "schema_migrations" ORDER BY "schema_migrations"."version" ASC[0m
  [1m[35m (3.6ms)[0m  [1m[32mINSERT INTO "schema_migrations" (version) VALUES (20231201062401)[0m
  [1m[35m (3.9ms)[0m  [1m[35mCREATE TABLE "ar_internal_metadata" ("key" varchar NOT NULL PRIMARY KEY, "value" varchar, "created_at" datetime(6) NOT NULL, "updated_at" datetime(6) NOT NULL)[0m
  [1m[36mActiveRecord::InternalMetadata Load (0.1ms)[0m  [1m[34mSELECT "ar_internal_metadata".* FROM "ar_internal_metadata" WHERE "ar_internal_metadata"."key" = ? LIMIT ?[0m  [["key", "environment"], ["LIMIT", 1]]
  [1m[36mTRANSACTION (0.1ms)[0m  [1m[36mbegin transaction[0m
  [1m[36mActiveRecord::InternalMetadata Create (9.8ms)[0m  [1m[32mINSERT INTO "ar_internal_metadata" ("key", "value", "created_at", "updated_at") VALUES (?, ?, ?, ?)[0m  [["key", "environment"], ["value", "development"], ["created_at", "2023-12-01 06:42:53.386158"], ["updated_at", "2023-12-01 06:42:53.386158"]]
  [1m[36mTRANSACTION (11.2ms)[0m  [1m[36mcommit transaction[0m
  [1m[36mActiveRecord::InternalMetadata Load (0.1ms)[0m  [1m[34mSELECT "ar_internal_metadata".* FROM "ar_internal_metadata" WHERE "ar_internal_metadata"."key" = ? LIMIT ?[0m  [["key", "environment"], ["LIMIT", 1]]
  [1m[36mTRANSACTION (0.0ms)[0m  [1m[36mbegin transaction[0m
  [1m[36mActiveRecord::InternalMetadata Update (0.2ms)[0m  [1m[33mUPDATE "ar_internal_metadata" SET "value" = ?, "updated_at" = ? WHERE "ar_internal_metadata"."key" = ?[0m  [["value", "test"], ["updated_at", "2023-12-01 06:42:53.413990"], ["key", "environment"]]
  [1m[36mTRANSACTION (6.6ms)[0m  [1m[36mcommit transaction[0m
  [1m[36mActiveRecord::InternalMetadata Load (0.1ms)[0m  [1m[34mSELECT "ar_internal_metadata".* FROM "ar_internal_metadata" WHERE "ar_internal_metadata"."key" = ? LIMIT ?[0m  [["key", "schema_sha1"], ["LIMIT", 1]]
  [1m[36mTRANSACTION (0.1ms)[0m  [1m[36mbegin transaction[0m
  [1m[36mActiveRecord::InternalMetadata Create (0.2ms)[0m  [1m[32mINSERT INTO "ar_internal_metadata" ("key", "value", "created_at", "updated_at") VALUES (?, ?, ?, ?)[0m  [["key", "schema_sha1"], ["value", "1c583d3ae5ae939296222c641170de2f77167615"], ["created_at", "2023-12-01 06:42:53.427562"], ["updated_at", "2023-12-01 06:42:53.427562"]]
  [1m[36mTRANSACTION (3.1ms)[0m  [1m[36mcommit transaction[0m
  [1m[36mActiveRecord::SchemaMigration Pluck (0.1ms)[0m  [1m[34mSELECT "schema_migrations"."version" FROM "schema_migrations" ORDER BY "schema_migrations"."version" ASC[0m
  [1m[36mClientWorkout Load (0.1ms)[0m  [1m[34mSELECT "client_workouts".* FROM "client_workouts"[0m
  [1m[36mTRANSACTION (0.1ms)[0m  [1m[36mbegin transaction[0m
  [1m[36mClientWorkout Create (0.2ms)[0m  [1m[32mINSERT INTO "client_workouts" ("client_name", "trainer", "duration_mins", "date_of_workout", "paid_amount", "created_at", "updated_at") VALUES (?, ?, ?, ?, ?, ?, ?)[0m  [["client_name", "Kirk Stigwood"], ["trainer", "Clint"], ["duration_mins", 60], ["date_of_workout", "2009-10-05"], ["paid_amount", 50.0], ["created_at", "2023-12-01 06:42:53.461065"], ["updated_at", "2023-12-01 06:42:53.461065"]]
  [1m[36mTRANSACTION (19.2ms)[0m  [1m[36mcommit transaction[0m
  [1m[36mTRANSACTION (0.0ms)[0m  [1m[36mbegin transaction[0m
  [1m[36mClientWorkout Create (0.2ms)[0m  [1m[32mINSERT INTO "client_workouts" ("client_name", "trainer", "duration_mins", "date_of_workout", "paid_amount", "created_at", "updated_at") VALUES (?, ?, ?, ?, ?, ?, ?)[0m  [["client_name", "Lenny Goldberg"], ["trainer", "Clint"], ["duration_mins", 30], ["date_of_workout", "2009-07-14"], ["paid_amount", 25.0], ["created_at", "2023-12-01 06:42:53.485370"], ["updated_at", "2023-12-01 06:42:53.485370"]]
  [1m[36mTRANSACTION (10.4ms)[0m  [1m[36mcommit transaction[0m
  [1m[36mTRANSACTION (0.1ms)[0m  [1m[36mbegin transaction[0m
  [1m[36mClientWorkout Create (0.4ms)[0m  [1m[32mINSERT INTO "client_workouts" ("client_name", "trainer", "duration_mins", "date_of_workout", "paid_amount", "created_at", "updated_at") VALUES (?, ?, ?, ?, ?, ?, ?)[0m  [["client_name", "Lenny Goldberg"], ["trainer", "Brad"], ["duration_mins", 30], ["date_of_workout", "2009-07-19"], ["paid_amount", 25.0], ["created_at", "2023-12-01 06:42:53.502635"], ["updated_at", "2023-12-01 06:42:53.502635"]]
  [1m[36mTRANSACTION (6.4ms)[0m  [1m[36mcommit transaction[0m
  [1m[36mTRANSACTION (0.1ms)[0m  [1m[36mbegin transaction[0m
  [1m[36mClientWorkout Create (0.2ms)[0m  [1m[32mINSERT INTO "client_workouts" ("client_name", "trainer", "duration_mins", "date_of_workout", "paid_amount", "created_at", "updated_at") VALUES (?, ?, ?, ?, ?, ?, ?)[0m  [["client_name", "Lenny Goldberg"], ["trainer", "Sven"], ["duration_mins", 90], ["date_of_workout", "2009-08-02"], ["paid_amount", 75.0], ["created_at", "2023-12-01 06:42:53.518077"], ["updated_at", "2023-12-01 06:42:53.518077"]]
  [1m[36mTRANSACTION (3.3ms)[0m  [1m[36mcommit transaction[0m
  [1m[36mTRANSACTION (0.0ms)[0m  [1m[36mbegin transaction[0m
  [1m[36mClientWorkout Create (0.2ms)[0m  [1m[32mINSERT INTO "client_workouts" ("client_name", "trainer", "duration_mins", "date_of_workout", "paid_amount", "created_at", "updated_at") VALUES (?, ?, ?, ?, ?, ?, ?)[0m  [["client_name", "Lenny Goldberg"], ["trainer", "Marshall"], ["duration_mins", 15], ["date_of_workout", "2009-09-29"], ["paid_amount", 15.0], ["created_at", "2023-12-01 06:42:53.535803"], ["updated_at", "2023-12-01 06:42:53.535803"]]
  [1m[36mTRANSACTION (4.4ms)[0m  [1m[36mcommit transaction[0m
  [1m[36mTRANSACTION (0.1ms)[0m  [1m[36mbegin transaction[0m
  [1m[36mClientWorkout Create (0.2ms)[0m  [1m[32mINSERT INTO "client_workouts" ("client_name", "trainer", "duration_mins", "date_of_workout", "paid_amount", "created_at", "updated_at") VALUES (?, ?, ?, ?, ?, ?, ?)[0m  [["client_name", "Lenny Goldberg"], ["trainer", "Clint"], ["duration_mins", 30], ["date_of_workout", "2009-10-01"], ["paid_amount", 25.0], ["created_at", "2023-12-01 06:42:53.545046"], ["updated_at", "2023-12-01 06:42:53.545046"]]
  [1m[36mTRANSACTION (3.1ms)[0m  [1m[36mcommit transaction[0m
  [1m[36mTRANSACTION (0.0ms)[0m  [1m[36mbegin transaction[0m
  [1m[36mClientWorkout Create (0.2ms)[0m  [1m[32mINSERT INTO "client_workouts" ("client_name", "trainer", "duration_mins", "date_of_workout", "paid_amount", "created_at", "updated_at") VALUES (?, ?, ?, ?, ?, ?, ?)[0m  [["client_name", "Lenny Goldberg"], ["trainer", "Sara"], ["duration_mins", 30], ["date_of_workout", "2009-10-05"], ["paid_amount", 25.0], ["created_at", "2023-12-01 06:42:53.552971"], ["updated_at", "2023-12-01 06:42:53.552971"]]
  [1m[36mTRANSACTION (16.7ms)[0m  [1m[36mcommit transaction[0m
  [1m[36mClientWorkout Count (0.1ms)[0m  [1m[34mSELECT COUNT(*) FROM "client_workouts"[0m
  [1m[36mActiveRecord::SchemaMigration Pluck (0.2ms)[0m  [1m[34mSELECT "schema_migrations"."version" FROM "schema_migrations" ORDER BY "schema_migrations"."version" ASC[0m
  [1m[36mActiveRecord::SchemaMigration Pluck (0.1ms)[0m  [1m[34mSELECT "schema_migrations"."version" FROM "schema_migrations" ORDER BY "schema_migrations"."version" ASC[0m
  [1m[36mActiveRecord::InternalMetadata Pluck (0.1ms)[0m  [1m[34mSELECT "ar_internal_metadata"."value" FROM "ar_internal_metadata" WHERE "ar_internal_metadata"."key" = ? LIMIT ?[0m  [["key", "environment"], ["LIMIT", 1]]
  [1m[36mActiveRecord::SchemaMigration Pluck (0.1ms)[0m  [1m[34mSELECT "schema_migrations"."version" FROM "schema_migrations" ORDER BY "schema_migrations"."version" ASC[0m
  [1m[36mActiveRecord::InternalMetadata Pluck (0.1ms)[0m  [1m[34mSELECT "ar_internal_metadata"."value" FROM "ar_internal_metadata" WHERE "ar_internal_metadata"."key" = ? LIMIT ?[0m  [["key", "environment"], ["LIMIT", 1]]
  [1m[36mActiveRecord::SchemaMigration Pluck (0.1ms)[0m  [1m[34mSELECT "schema_migrations"."version" FROM "schema_migrations" ORDER BY "schema_migrations"."version" ASC[0m
  [1m[36mActiveRecord::InternalMetadata Pluck (0.1ms)[0m  [1m[34mSELECT "ar_internal_metadata"."value" FROM "ar_internal_metadata" WHERE "ar_internal_metadata"."key" = ? LIMIT ?[0m  [["key", "environment"], ["LIMIT", 1]]
  [1m[35m (18.7ms)[0m  [1m[35mCREATE TABLE "schema_migrations" ("version" varchar NOT NULL PRIMARY KEY)[0m
  [1m[35m (3.9ms)[0m  [1m[35mCREATE TABLE "ar_internal_metadata" ("key" varchar NOT NULL PRIMARY KEY, "value" varchar, "created_at" datetime(6) NOT NULL, "updated_at" datetime(6) NOT NULL)[0m
  [1m[36mActiveRecord::SchemaMigration Pluck (0.1ms)[0m  [1m[34mSELECT "schema_migrations"."version" FROM "schema_migrations" ORDER BY "schema_migrations"."version" ASC[0m
Migrating to CreateClientWorkouts (20231201062401)
  [1m[36mTRANSACTION (0.1ms)[0m  [1m[36mbegin transaction[0m
  [1m[35m (0.3ms)[0m  [1m[35mCREATE TABLE "client_workouts" ("id" integer PRIMARY KEY AUTOINCREMENT NOT NULL, "client_name" varchar, "trainer" varchar, "duration_mins" integer, "date_of_workout" date, "paid_amount" decimal, "created_at" datetime(6) NOT NULL, "updated_at" datetime(6) NOT NULL)[0m
  [1m[36mActiveRecord::SchemaMigration Create (0.2ms)[0m  [1m[32mINSERT INTO "schema_migrations" ("version") VALUES (?)[0m  [["version", "20231201062401"]]
  [1m[36mTRANSACTION (26.5ms)[0m  [1m[36mcommit transaction[0m
  [1m[36mActiveRecord::InternalMetadata Load (0.1ms)[0m  [1m[34mSELECT "ar_internal_metadata".* FROM "ar_internal_metadata" WHERE "ar_internal_metadata"."key" = ? LIMIT ?[0m  [["key", "environment"], ["LIMIT", 1]]
  [1m[36mTRANSACTION (0.1ms)[0m  [1m[36mbegin transaction[0m
  [1m[36mActiveRecord::InternalMetadata Create (0.2ms)[0m  [1m[32mINSERT INTO "ar_internal_metadata" ("key", "value", "created_at", "updated_at") VALUES (?, ?, ?, ?)[0m  [["key", "environment"], ["value", "development"], ["created_at", "2023-12-01 06:44:11.102970"], ["updated_at", "2023-12-01 06:44:11.102970"]]
  [1m[36mTRANSACTION (7.4ms)[0m  [1m[36mcommit transaction[0m
  [1m[36mActiveRecord::SchemaMigration Pluck (0.1ms)[0m  [1m[34mSELECT "schema_migrations"."version" FROM "schema_migrations" ORDER BY "schema_migrations"."version" ASC[0m
  [1m[36mActiveRecord::SchemaMigration Pluck (0.1ms)[0m  [1m[34mSELECT "schema_migrations"."version" FROM "schema_migrations" ORDER BY "schema_migrations"."version" ASC[0m
  [1m[36mClientWorkout Load (0.1ms)[0m  [1m[34mSELECT "client_workouts".* FROM "client_workouts"[0m
  [1m[36mTRANSACTION (0.1ms)[0m  [1m[36mbegin transaction[0m
  [1m[36mClientWorkout Create (0.9ms)[0m  [1m[32mINSERT INTO "client_workouts" ("client_name", "trainer", "duration_mins", "date_of_workout", "paid_amount", "created_at", "updated_at") VALUES (?, ?, ?, ?, ?, ?, ?)[0m  [["client_name", "Kirk Stigwood"], ["trainer", "Clint"], ["duration_mins", 60], ["date_of_workout", "2009-10-05"], ["paid_amount", 50.0], ["created_at", "2023-12-01 06:44:35.254585"], ["updated_at", "2023-12-01 06:44:35.254585"]]
  [1m[36mTRANSACTION (11.7ms)[0m  [1m[36mcommit transaction[0m
  [1m[36mTRANSACTION (0.0ms)[0m  [1m[36mbegin transaction[0m
  [1m[36mClientWorkout Create (0.2ms)[0m  [1m[32mINSERT INTO "client_workouts" ("client_name", "trainer", "duration_mins", "date_of_workout", "paid_amount", "created_at", "updated_at") VALUES (?, ?, ?, ?, ?, ?, ?)[0m  [["client_name", "Lenny Goldberg"], ["trainer", "Clint"], ["duration_mins", 30], ["date_of_workout", "2009-07-14"], ["paid_amount", 25.0], ["created_at", "2023-12-01 06:44:35.272229"], ["updated_at", "2023-12-01 06:44:35.272229"]]
  [1m[36mTRANSACTION (3.1ms)[0m  [1m[36mcommit transaction[0m
  [1m[36mTRANSACTION (0.0ms)[0m  [1m[36mbegin transaction[0m
  [1m[36mClientWorkout Create (0.2ms)[0m  [1m[32mINSERT INTO "client_workouts" ("client_name", "trainer", "duration_mins", "date_of_workout", "paid_amount", "created_at", "updated_at") VALUES (?, ?, ?, ?, ?, ?, ?)[0m  [["client_name", "Lenny Goldberg"], ["trainer", "Brad"], ["duration_mins", 30], ["date_of_workout", "2009-07-19"], ["paid_amount", 25.0], ["created_at", "2023-12-01 06:44:35.279796"], ["updated_at", "2023-12-01 06:44:35.279796"]]
  [1m[36mTRANSACTION (2.8ms)[0m  [1m[36mcommit transaction[0m
  [1m[36mTRANSACTION (0.0ms)[0m  [1m[36mbegin transaction[0m
  [1m[36mClientWorkout Create (0.2ms)[0m  [1m[32mINSERT INTO "client_workouts" ("client_name", "trainer", "duration_mins", "date_of_workout", "paid_amount", "created_at", "updated_at") VALUES (?, ?, ?, ?, ?, ?, ?)[0m  [["client_name", "Lenny Goldberg"], ["trainer", "Sven"], ["duration_mins", 90], ["date_of_workout", "2009-08-02"], ["paid_amount", 75.0], ["created_at", "2023-12-01 06:44:35.287037"], ["updated_at", "2023-12-01 06:44:35.287037"]]
  [1m[36mTRANSACTION (14.2ms)[0m  [1m[36mcommit transaction[0m
  [1m[36mTRANSACTION (0.1ms)[0m  [1m[36mbegin transaction[0m
  [1m[36mClientWorkout Create (0.2ms)[0m  [1m[32mINSERT INTO "client_workouts" ("client_name", "trainer", "duration_mins", "date_of_workout", "paid_amount", "created_at", "updated_at") VALUES (?, ?, ?, ?, ?, ?, ?)[0m  [["client_name", "Lenny Goldberg"], ["trainer", "Marshall"], ["duration_mins", 15], ["date_of_workout", "2009-09-29"], ["paid_amount", 15.0], ["created_at", "2023-12-01 06:44:35.305631"], ["updated_at", "2023-12-01 06:44:35.305631"]]
  [1m[36mTRANSACTION (3.8ms)[0m  [1m[36mcommit transaction[0m
  [1m[36mTRANSACTION (0.0ms)[0m  [1m[36mbegin transaction[0m
  [1m[36mClientWorkout Create (0.2ms)[0m  [1m[32mINSERT INTO "client_workouts" ("client_name", "trainer", "duration_mins", "date_of_workout", "paid_amount", "created_at", "updated_at") VALUES (?, ?, ?, ?, ?, ?, ?)[0m  [["client_name", "Lenny Goldberg"], ["trainer", "Clint"], ["duration_mins", 30], ["date_of_workout", "2009-10-01"], ["paid_amount", 25.0], ["created_at", "2023-12-01 06:44:35.314005"], ["updated_at", "2023-12-01 06:44:35.314005"]]
  [1m[36mTRANSACTION (4.3ms)[0m  [1m[36mcommit transaction[0m
  [1m[36mTRANSACTION (0.1ms)[0m  [1m[36mbegin transaction[0m
  [1m[36mClientWorkout Create (0.2ms)[0m  [1m[32mINSERT INTO "client_workouts" ("client_name", "trainer", "duration_mins", "date_of_workout", "paid_amount", "created_at", "updated_at") VALUES (?, ?, ?, ?, ?, ?, ?)[0m  [["client_name", "Lenny Goldberg"], ["trainer", "Sara"], ["duration_mins", 30], ["date_of_workout", "2009-10-05"], ["paid_amount", 25.0], ["created_at", "2023-12-01 06:44:35.322713"], ["updated_at", "2023-12-01 06:44:35.322713"]]
  [1m[36mTRANSACTION (3.6ms)[0m  [1m[36mcommit transaction[0m
  [1m[36mClientWorkout Count (0.1ms)[0m  [1m[34mSELECT COUNT(*) FROM "client_workouts"[0m
  [1m[36mActiveRecord::SchemaMigration Pluck (0.2ms)[0m  [1m[34mSELECT "schema_migrations"."version" FROM "schema_migrations" ORDER BY "schema_migrations"."version" ASC[0m
  [1m[36mActiveRecord::SchemaMigration Pluck (0.1ms)[0m  [1m[34mSELECT "schema_migrations"."version" FROM "schema_migrations" ORDER BY "schema_migrations"."version" ASC[0m
  [1m[36mActiveRecord::InternalMetadata Load (0.1ms)[0m  [1m[34mSELECT "ar_internal_metadata".* FROM "ar_internal_metadata" WHERE "ar_internal_metadata"."key" = ? LIMIT ?[0m  [["key", "environment"], ["LIMIT", 1]]
  [1m[36mActiveRecord::SchemaMigration Pluck (0.1ms)[0m  [1m[34mSELECT "schema_migrations"."version" FROM "schema_migrations" ORDER BY "schema_migrations"."version" ASC[0m
Started GET "/" for 127.0.0.1 at 2023-12-01 01:47:10 -0500
  [1m[36mActiveRecord::SchemaMigration Pluck (0.1ms)[0m  [1m[34mSELECT "schema_migrations"."version" FROM "schema_migrations" ORDER BY "schema_migrations"."version" ASC[0m
Processing by Rails::WelcomeController#index as HTML
  Rendering /home/aldo/.rvm/gems/ruby-3.0.2/gems/railties-7.0.8/lib/rails/templates/rails/welcome/index.html.erb
  Rendered /home/aldo/.rvm/gems/ruby-3.0.2/gems/railties-7.0.8/lib/rails/templates/rails/welcome/index.html.erb (Duration: 11.5ms | Allocations: 931)
Completed 200 OK in 94ms (Views: 31.6ms | ActiveRecord: 0.0ms | Allocations: 10034)


Started GET "/client_workouts" for 127.0.0.1 at 2023-12-01 01:47:22 -0500
Processing by ClientWorkoutsController#index as HTML
  Rendering layout layouts/application.html.erb
  Rendering client_workouts/index.html.erb within layouts/application
  [1m[36mClientWorkout Load (0.2ms)[0m  [1m[34mSELECT "client_workouts".* FROM "client_workouts"[0m
  ↳ app/views/client_workouts/index.html.erb:6
  Rendered client_workouts/_client_workout.html.erb (Duration: 0.8ms | Allocations: 433)
  Rendered client_workouts/_client_workout.html.erb (Duration: 0.1ms | Allocations: 34)
  Rendered client_workouts/_client_workout.html.erb (Duration: 0.1ms | Allocations: 34)
  Rendered client_workouts/_client_workout.html.erb (Duration: 0.1ms | Allocations: 34)
  Rendered client_workouts/_client_workout.html.erb (Duration: 0.1ms | Allocations: 34)
  Rendered client_workouts/_client_workout.html.erb (Duration: 0.1ms | Allocations: 34)
  Rendered client_workouts/_client_workout.html.erb (Duration: 0.1ms | Allocations: 34)
  Rendered client_workouts/index.html.erb within layouts/application (Duration: 126.7ms | Allocations: 20621)
  Rendered layout layouts/application.html.erb (Duration: 669.6ms | Allocations: 108787)
Completed 200 OK in 679ms (Views: 675.4ms | ActiveRecord: 0.8ms | Allocations: 110978)


Started GET "/client_workouts/1" for 127.0.0.1 at 2023-12-01 01:48:34 -0500
Processing by ClientWorkoutsController#show as HTML
  Parameters: {"id"=>"1"}
  [1m[36mClientWorkout Load (0.2ms)[0m  [1m[34mSELECT "client_workouts".* FROM "client_workouts" WHERE "client_workouts"."id" = ? LIMIT ?[0m  [["id", 1], ["LIMIT", 1]]
  ↳ app/controllers/client_workouts_controller.rb:63:in `set_client_workout'
  Rendering layout layouts/application.html.erb
  Rendering client_workouts/show.html.erb within layouts/application
  Rendered client_workouts/_client_workout.html.erb (Duration: 0.2ms | Allocations: 48)
  Rendered client_workouts/show.html.erb within layouts/application (Duration: 8.8ms | Allocations: 1014)
  Rendered layout layouts/application.html.erb (Duration: 14.0ms | Allocations: 3305)
Completed 200 OK in 57ms (Views: 26.4ms | ActiveRecord: 0.2ms | Allocations: 8085)


Started GET "/client_workouts" for 127.0.0.1 at 2023-12-01 10:38:58 -0500
  [1m[36mActiveRecord::SchemaMigration Pluck (0.1ms)[0m  [1m[34mSELECT "schema_migrations"."version" FROM "schema_migrations" ORDER BY "schema_migrations"."version" ASC[0m
Processing by ClientWorkoutsController#index as HTML
  Rendering layout layouts/application.html.erb
  Rendering client_workouts/index.html.erb within layouts/application
  [1m[36mClientWorkout Load (0.2ms)[0m  [1m[34mSELECT "client_workouts".* FROM "client_workouts"[0m
  ↳ app/views/client_workouts/index.html.erb:6
  Rendered client_workouts/_client_workout.html.erb (Duration: 0.7ms | Allocations: 442)
  Rendered client_workouts/_client_workout.html.erb (Duration: 0.1ms | Allocations: 34)
  Rendered client_workouts/_client_workout.html.erb (Duration: 0.1ms | Allocations: 34)
  Rendered client_workouts/_client_workout.html.erb (Duration: 0.1ms | Allocations: 34)
  Rendered client_workouts/_client_workout.html.erb (Duration: 0.1ms | Allocations: 34)
  Rendered client_workouts/_client_workout.html.erb (Duration: 0.1ms | Allocations: 34)
  Rendered client_workouts/_client_workout.html.erb (Duration: 0.1ms | Allocations: 34)
  Rendered client_workouts/index.html.erb within layouts/application (Duration: 66.9ms | Allocations: 21027)
  Rendered layout layouts/application.html.erb (Duration: 131.5ms | Allocations: 55009)
Completed 200 OK in 147ms (Views: 138.2ms | ActiveRecord: 0.7ms | Allocations: 62680)


Started GET "/client_workouts" for 127.0.0.1 at 2023-12-01 11:02:46 -0500
Processing by ClientWorkoutsController#index as HTML
  Rendering layout layouts/application.html.erb
  Rendering client_workouts/index.html.erb within layouts/application
  [1m[36mClientWorkout Load (6.8ms)[0m  [1m[34mSELECT "client_workouts".* FROM "client_workouts"[0m
  ↳ app/views/client_workouts/index.html.erb:6
  Rendered client_workouts/_client_workout.html.erb (Duration: 3.7ms | Allocations: 439)
  Rendered client_workouts/_client_workout.html.erb (Duration: 0.1ms | Allocations: 34)
  Rendered client_workouts/_client_workout.html.erb (Duration: 0.1ms | Allocations: 34)
  Rendered client_workouts/_client_workout.html.erb (Duration: 0.1ms | Allocations: 34)
  Rendered client_workouts/_client_workout.html.erb (Duration: 0.1ms | Allocations: 34)
  Rendered client_workouts/_client_workout.html.erb (Duration: 0.1ms | Allocations: 34)
  Rendered client_workouts/_client_workout.html.erb (Duration: 0.1ms | Allocations: 34)
  Rendered client_workouts/index.html.erb within layouts/application (Duration: 140.1ms | Allocations: 21384)
  Rendered layout layouts/application.html.erb (Duration: 1720.9ms | Allocations: 111021)
Completed 200 OK in 1824ms (Views: 1744.5ms | ActiveRecord: 7.4ms | Allocations: 121086)


Started GET "/client_workouts" for 127.0.0.1 at 2023-12-01 11:10:43 -0500
Processing by ClientWorkoutsController#index as HTML
  Rendering layout layouts/application.html.erb
  Rendering client_workouts/index.html.erb within layouts/application
  [1m[36mClientWorkout Load (0.2ms)[0m  [1m[34mSELECT "client_workouts".* FROM "client_workouts"[0m
  ↳ app/views/client_workouts/index.html.erb:12
  Rendered client_workouts/_client_workout.html.erb (Duration: 0.7ms | Allocations: 325)
  Rendered client_workouts/_client_workout.html.erb (Duration: 0.1ms | Allocations: 34)
  Rendered client_workouts/_client_workout.html.erb (Duration: 0.1ms | Allocations: 34)
  Rendered client_workouts/_client_workout.html.erb (Duration: 0.1ms | Allocations: 34)
  Rendered client_workouts/_client_workout.html.erb (Duration: 0.1ms | Allocations: 34)
  Rendered client_workouts/_client_workout.html.erb (Duration: 0.1ms | Allocations: 34)
  Rendered client_workouts/_client_workout.html.erb (Duration: 0.1ms | Allocations: 34)
  Rendered client_workouts/index.html.erb within layouts/application (Duration: 19.2ms | Allocations: 2846)
  Rendered layout layouts/application.html.erb (Duration: 25.1ms | Allocations: 5479)
Completed 200 OK in 30ms (Views: 28.2ms | ActiveRecord: 0.5ms | Allocations: 6734)


Started GET "/client_workouts" for 127.0.0.1 at 2023-12-01 11:12:38 -0500
Processing by ClientWorkoutsController#index as HTML
  Rendering layout layouts/application.html.erb
  Rendering client_workouts/index.html.erb within layouts/application
  [1m[36mClientWorkout Load (0.1ms)[0m  [1m[34mSELECT "client_workouts".* FROM "client_workouts"[0m
  ↳ app/views/client_workouts/index.html.erb:12
  Rendered client_workouts/_client_workout.html.erb (Duration: 0.7ms | Allocations: 325)
  Rendered client_workouts/_client_workout.html.erb (Duration: 0.1ms | Allocations: 34)
  Rendered client_workouts/_client_workout.html.erb (Duration: 0.2ms | Allocations: 34)
  Rendered client_workouts/_client_workout.html.erb (Duration: 0.1ms | Allocations: 34)
  Rendered client_workouts/_client_workout.html.erb (Duration: 0.1ms | Allocations: 34)
  Rendered client_workouts/_client_workout.html.erb (Duration: 0.1ms | Allocations: 34)
  Rendered client_workouts/_client_workout.html.erb (Duration: 0.1ms | Allocations: 34)
  Rendered client_workouts/index.html.erb within layouts/application (Duration: 13.5ms | Allocations: 2604)
  Rendered layout layouts/application.html.erb (Duration: 29.0ms | Allocations: 5237)
Completed 200 OK in 35ms (Views: 33.4ms | ActiveRecord: 0.1ms | Allocations: 6478)


Started GET "/client_workouts" for 127.0.0.1 at 2023-12-01 11:13:29 -0500
Processing by ClientWorkoutsController#index as HTML
  Rendering layout layouts/application.html.erb
  Rendering client_workouts/index.html.erb within layouts/application
  [1m[36mClientWorkout Load (0.2ms)[0m  [1m[34mSELECT "client_workouts".* FROM "client_workouts"[0m
  ↳ app/views/client_workouts/index.html.erb:12
  Rendered client_workouts/index.html.erb within layouts/application (Duration: 7.2ms | Allocations: 1550)
  Rendered layout layouts/application.html.erb (Duration: 21.4ms | Allocations: 4184)
Completed 200 OK in 42ms (Views: 31.8ms | ActiveRecord: 0.2ms | Allocations: 5434)


Started GET "/client_workouts" for 127.0.0.1 at 2023-12-01 11:13:52 -0500
Processing by ClientWorkoutsController#index as HTML
  Rendering layout layouts/application.html.erb
  Rendering client_workouts/index.html.erb within layouts/application
  [1m[36mClientWorkout Load (0.1ms)[0m  [1m[34mSELECT "client_workouts".* FROM "client_workouts"[0m
  ↳ app/views/client_workouts/index.html.erb:12
  Rendered client_workouts/index.html.erb within layouts/application (Duration: 10.9ms | Allocations: 1558)
  Rendered layout layouts/application.html.erb (Duration: 25.4ms | Allocations: 4191)
Completed 200 OK in 35ms (Views: 33.5ms | ActiveRecord: 0.1ms | Allocations: 5430)


Started GET "/client_workouts" for 127.0.0.1 at 2023-12-01 11:14:18 -0500
Processing by ClientWorkoutsController#index as HTML
  Rendering layout layouts/application.html.erb
  Rendering client_workouts/index.html.erb within layouts/application
  [1m[36mClientWorkout Load (0.6ms)[0m  [1m[34mSELECT "client_workouts".* FROM "client_workouts"[0m
  ↳ app/views/client_workouts/index.html.erb:12
  Rendered client_workouts/index.html.erb within layouts/application (Duration: 3.3ms | Allocations: 1059)
  Rendered layout layouts/application.html.erb (Duration: 17.7ms | Allocations: 3259)
Completed 200 OK in 19ms (Views: 17.8ms | ActiveRecord: 0.6ms | Allocations: 3614)


Started GET "/client_workouts" for 127.0.0.1 at 2023-12-01 11:14:38 -0500
Processing by ClientWorkoutsController#index as HTML
  Rendering layout layouts/application.html.erb
  Rendering client_workouts/index.html.erb within layouts/application
  [1m[36mClientWorkout Load (0.1ms)[0m  [1m[34mSELECT "client_workouts".* FROM "client_workouts"[0m
  ↳ app/views/client_workouts/index.html.erb:13
  Rendered client_workouts/index.html.erb within layouts/application (Duration: 3.3ms | Allocations: 1534)
  Rendered layout layouts/application.html.erb (Duration: 7.1ms | Allocations: 4167)
Completed 200 OK in 12ms (Views: 10.7ms | ActiveRecord: 0.1ms | Allocations: 5386)


Started GET "/client_workouts" for 127.0.0.1 at 2023-12-01 11:15:58 -0500
Processing by ClientWorkoutsController#index as HTML
  Rendering layout layouts/application.html.erb
  Rendering client_workouts/index.html.erb within layouts/application
  [1m[36mClientWorkout Load (0.2ms)[0m  [1m[34mSELECT "client_workouts".* FROM "client_workouts"[0m
  ↳ app/views/client_workouts/index.html.erb:13
  Rendered client_workouts/index.html.erb within layouts/application (Duration: 9.2ms | Allocations: 1536)
  Rendered layout layouts/application.html.erb (Duration: 27.9ms | Allocations: 4169)
Completed 200 OK in 39ms (Views: 31.1ms | ActiveRecord: 0.2ms | Allocations: 5408)


Started GET "/client_workouts" for 127.0.0.1 at 2023-12-01 11:19:48 -0500
Processing by ClientWorkoutsController#index as HTML
  Rendering layout layouts/application.html.erb
  Rendering client_workouts/index.html.erb within layouts/application
  [1m[36mClientWorkout Load (0.1ms)[0m  [1m[34mSELECT "client_workouts".* FROM "client_workouts"[0m
  ↳ app/views/client_workouts/index.html.erb:15
  Rendered client_workouts/index.html.erb within layouts/application (Duration: 4.9ms | Allocations: 1782)
  Rendered layout layouts/application.html.erb (Duration: 8.6ms | Allocations: 4415)
Completed 200 OK in 26ms (Views: 11.6ms | ActiveRecord: 0.1ms | Allocations: 5654)


Started GET "/client_workouts" for 127.0.0.1 at 2023-12-01 11:21:19 -0500
Processing by ClientWorkoutsController#index as HTML
  Rendering layout layouts/application.html.erb
  Rendering client_workouts/index.html.erb within layouts/application
  [1m[36mClientWorkout Load (5.5ms)[0m  [1m[34mSELECT "client_workouts".* FROM "client_workouts"[0m
  ↳ app/views/client_workouts/index.html.erb:15
  Rendered client_workouts/index.html.erb within layouts/application (Duration: 21.4ms | Allocations: 2293)
  Rendered layout layouts/application.html.erb (Duration: 35.4ms | Allocations: 4926)
Completed 200 OK in 52ms (Views: 43.4ms | ActiveRecord: 5.5ms | Allocations: 6165)


Started GET "/client_workouts" for 127.0.0.1 at 2023-12-01 11:21:55 -0500
Processing by ClientWorkoutsController#index as HTML
  Rendering layout layouts/application.html.erb
  Rendering client_workouts/index.html.erb within layouts/application
  [1m[36mClientWorkout Load (0.2ms)[0m  [1m[34mSELECT "client_workouts".* FROM "client_workouts"[0m
  ↳ app/views/client_workouts/index.html.erb:15
  Rendered client_workouts/index.html.erb within layouts/application (Duration: 24.8ms | Allocations: 2299)
  Rendered layout layouts/application.html.erb (Duration: 47.2ms | Allocations: 4932)
Completed 200 OK in 58ms (Views: 56.1ms | ActiveRecord: 0.2ms | Allocations: 6175)


Started GET "/client_workouts/7" for 127.0.0.1 at 2023-12-01 11:22:05 -0500
Processing by ClientWorkoutsController#show as HTML
  Parameters: {"id"=>"7"}
  [1m[36mClientWorkout Load (0.2ms)[0m  [1m[34mSELECT "client_workouts".* FROM "client_workouts" WHERE "client_workouts"."id" = ? LIMIT ?[0m  [["id", 7], ["LIMIT", 1]]
  ↳ app/controllers/client_workouts_controller.rb:63:in `set_client_workout'
  Rendering layout layouts/application.html.erb
  Rendering client_workouts/show.html.erb within layouts/application
  Rendered client_workouts/_client_workout.html.erb (Duration: 0.7ms | Allocations: 325)
  Rendered client_workouts/show.html.erb within layouts/application (Duration: 2.6ms | Allocations: 1361)
  Rendered layout layouts/application.html.erb (Duration: 6.2ms | Allocations: 3653)
Completed 200 OK in 54ms (Views: 6.8ms | ActiveRecord: 0.2ms | Allocations: 8700)


Started GET "/client_workouts" for 127.0.0.1 at 2023-12-01 11:27:06 -0500
Processing by ClientWorkoutsController#index as HTML
  Rendering layout layouts/application.html.erb
  Rendering client_workouts/index.html.erb within layouts/application
  [1m[36mClientWorkout Load (0.1ms)[0m  [1m[34mSELECT "client_workouts".* FROM "client_workouts"[0m
  ↳ app/views/client_workouts/index.html.erb:15
  Rendered client_workouts/index.html.erb within layouts/application (Duration: 65.4ms | Allocations: 8594)
  Rendered layout layouts/application.html.erb (Duration: 65.9ms | Allocations: 8683)
Completed 500 Internal Server Error in 71ms (ActiveRecord: 0.1ms | Allocations: 9886)


  
ActionView::Template::Error (undefined local variable or method `show_path' for #<ActionView::Base:0x0000000000bc20>):
    19:         <td><%= cw.duration_mins %></td>
    20:         <td><%= cw.date_of_workout %></td>
    21:         <td><%= cw.paid_amount %></td>
    22:         <td><%= link_to "Show", show_path %> <%= link_to "Edit", edit_path %> <%= link_to "Delete", edit_path %></td>
    23:       </tr>
    24:     <% end %>
    25:   </table>
  
app/views/client_workouts/index.html.erb:22
app/views/client_workouts/index.html.erb:15
Started GET "/client_workouts" for 127.0.0.1 at 2023-12-01 11:28:33 -0500
Processing by ClientWorkoutsController#index as HTML
  Rendering layout layouts/application.html.erb
  Rendering client_workouts/index.html.erb within layouts/application
  [1m[36mClientWorkout Load (7.0ms)[0m  [1m[34mSELECT "client_workouts".* FROM "client_workouts"[0m
  ↳ app/views/client_workouts/index.html.erb:15
  Rendered client_workouts/index.html.erb within layouts/application (Duration: 56.3ms | Allocations: 5412)
  Rendered layout layouts/application.html.erb (Duration: 56.9ms | Allocations: 5489)
Completed 500 Internal Server Error in 61ms (ActiveRecord: 7.0ms | Allocations: 6684)


  
ActionView::Template::Error (undefined local variable or method `show_path' for #<ActionView::Base:0x0000000000bf40>):
    19:         <td><%= cw.duration_mins %></td>
    20:         <td><%= cw.date_of_workout %></td>
    21:         <td><%= cw.paid_amount %></td>
    22:         <td><%= link_to "Show", show_path %></td>
    23:       </tr>
    24:     <% end %>
    25:   </table>
  
app/views/client_workouts/index.html.erb:22
app/views/client_workouts/index.html.erb:15
Started GET "/client_workouts" for 127.0.0.1 at 2023-12-01 11:28:49 -0500
Processing by ClientWorkoutsController#index as HTML
  Rendering layout layouts/application.html.erb
  Rendering client_workouts/index.html.erb within layouts/application
  [1m[36mClientWorkout Load (0.2ms)[0m  [1m[34mSELECT "client_workouts".* FROM "client_workouts"[0m
  ↳ app/views/client_workouts/index.html.erb:15
  Rendered client_workouts/index.html.erb within layouts/application (Duration: 79.2ms | Allocations: 5509)
  Rendered layout layouts/application.html.erb (Duration: 79.5ms | Allocations: 5586)
Completed 500 Internal Server Error in 85ms (ActiveRecord: 0.2ms | Allocations: 6779)


  
ActionView::Template::Error (undefined local variable or method `client_workout' for #<ActionView::Base:0x0000000000c238>
Did you mean?  @client_workouts
               client_workout_url):
    19:         <td><%= cw.duration_mins %></td>
    20:         <td><%= cw.date_of_workout %></td>
    21:         <td><%= cw.paid_amount %></td>
    22:         <td><%= link_to "Show", client_workout %></td>
    23:       </tr>
    24:     <% end %>
    25:   </table>
  
app/views/client_workouts/index.html.erb:22
app/views/client_workouts/index.html.erb:15
Started GET "/client_workouts" for 127.0.0.1 at 2023-12-01 11:29:04 -0500
Processing by ClientWorkoutsController#index as HTML
  Rendering layout layouts/application.html.erb
  Rendering client_workouts/index.html.erb within layouts/application
  [1m[36mClientWorkout Load (0.1ms)[0m  [1m[34mSELECT "client_workouts".* FROM "client_workouts"[0m
  ↳ app/views/client_workouts/index.html.erb:15
  Rendered client_workouts/index.html.erb within layouts/application (Duration: 24.8ms | Allocations: 1775)
  Rendered layout layouts/application.html.erb (Duration: 29.0ms | Allocations: 4421)
Completed 200 OK in 40ms (Views: 38.8ms | ActiveRecord: 0.1ms | Allocations: 5652)


Started GET "/client_workouts/1" for 127.0.0.1 at 2023-12-01 11:29:08 -0500
Processing by ClientWorkoutsController#show as HTML
  Parameters: {"id"=>"1"}
  [1m[36mClientWorkout Load (0.2ms)[0m  [1m[34mSELECT "client_workouts".* FROM "client_workouts" WHERE "client_workouts"."id" = ? LIMIT ?[0m  [["id", 1], ["LIMIT", 1]]
  ↳ app/controllers/client_workouts_controller.rb:63:in `set_client_workout'
  Rendering layout layouts/application.html.erb
  Rendering client_workouts/show.html.erb within layouts/application
  Rendered client_workouts/_client_workout.html.erb (Duration: 1.8ms | Allocations: 314)
  Rendered client_workouts/show.html.erb within layouts/application (Duration: 11.1ms | Allocations: 1175)
  Rendered layout layouts/application.html.erb (Duration: 15.8ms | Allocations: 3353)
Completed 200 OK in 25ms (Views: 16.8ms | ActiveRecord: 0.2ms | Allocations: 4235)


Started GET "/client_workouts/1/edit" for 127.0.0.1 at 2023-12-01 11:29:10 -0500
Processing by ClientWorkoutsController#edit as HTML
  Parameters: {"id"=>"1"}
  [1m[36mClientWorkout Load (0.2ms)[0m  [1m[34mSELECT "client_workouts".* FROM "client_workouts" WHERE "client_workouts"."id" = ? LIMIT ?[0m  [["id", 1], ["LIMIT", 1]]
  ↳ app/controllers/client_workouts_controller.rb:63:in `set_client_workout'
  Rendering layout layouts/application.html.erb
  Rendering client_workouts/edit.html.erb within layouts/application
  Rendered client_workouts/_form.html.erb (Duration: 23.6ms | Allocations: 7101)
  Rendered client_workouts/edit.html.erb within layouts/application (Duration: 24.7ms | Allocations: 7491)
  Rendered layout layouts/application.html.erb (Duration: 28.4ms | Allocations: 9786)
Completed 200 OK in 37ms (Views: 29.1ms | ActiveRecord: 0.2ms | Allocations: 10623)


Started GET "/client_workouts" for 127.0.0.1 at 2023-12-01 11:29:19 -0500
Processing by ClientWorkoutsController#index as HTML
  Rendering layout layouts/application.html.erb
  Rendering client_workouts/index.html.erb within layouts/application
  [1m[36mClientWorkout Load (0.1ms)[0m  [1m[34mSELECT "client_workouts".* FROM "client_workouts"[0m
  ↳ app/views/client_workouts/index.html.erb:15
  Rendered client_workouts/index.html.erb within layouts/application (Duration: 9.1ms | Allocations: 1254)
  Rendered layout layouts/application.html.erb (Duration: 34.5ms | Allocations: 3455)
Completed 200 OK in 44ms (Views: 43.6ms | ActiveRecord: 0.1ms | Allocations: 3823)


Started GET "/client_workouts/7" for 127.0.0.1 at 2023-12-01 11:29:22 -0500
Processing by ClientWorkoutsController#show as HTML
  Parameters: {"id"=>"7"}
  [1m[36mClientWorkout Load (11.2ms)[0m  [1m[34mSELECT "client_workouts".* FROM "client_workouts" WHERE "client_workouts"."id" = ? LIMIT ?[0m  [["id", 7], ["LIMIT", 1]]
  ↳ app/controllers/client_workouts_controller.rb:63:in `set_client_workout'
  Rendering layout layouts/application.html.erb
  Rendering client_workouts/show.html.erb within layouts/application
  Rendered client_workouts/_client_workout.html.erb (Duration: 0.3ms | Allocations: 37)
  Rendered client_workouts/show.html.erb within layouts/application (Duration: 4.1ms | Allocations: 596)
  Rendered layout layouts/application.html.erb (Duration: 15.4ms | Allocations: 2774)
Completed 200 OK in 44ms (Views: 19.5ms | ActiveRecord: 11.2ms | Allocations: 3561)


Started GET "/client_workouts/7/edit" for 127.0.0.1 at 2023-12-01 11:29:26 -0500
Processing by ClientWorkoutsController#edit as HTML
  Parameters: {"id"=>"7"}
  [1m[36mClientWorkout Load (0.1ms)[0m  [1m[34mSELECT "client_workouts".* FROM "client_workouts" WHERE "client_workouts"."id" = ? LIMIT ?[0m  [["id", 7], ["LIMIT", 1]]
  ↳ app/controllers/client_workouts_controller.rb:63:in `set_client_workout'
  Rendering layout layouts/application.html.erb
  Rendering client_workouts/edit.html.erb within layouts/application
  Rendered client_workouts/_form.html.erb (Duration: 2.8ms | Allocations: 1851)
  Rendered client_workouts/edit.html.erb within layouts/application (Duration: 3.2ms | Allocations: 1973)
  Rendered layout layouts/application.html.erb (Duration: 10.3ms | Allocations: 4151)
Completed 200 OK in 16ms (Views: 13.0ms | ActiveRecord: 0.1ms | Allocations: 4913)


Started GET "/client_workouts" for 127.0.0.1 at 2023-12-01 11:34:56 -0500
Processing by ClientWorkoutsController#index as HTML
  Rendering layout layouts/application.html.erb
  Rendering client_workouts/index.html.erb within layouts/application
  [1m[36mClientWorkout Load (3.3ms)[0m  [1m[34mSELECT "client_workouts".* FROM "client_workouts"[0m
  ↳ app/views/client_workouts/index.html.erb:15
  Rendered client_workouts/index.html.erb within layouts/application (Duration: 68.5ms | Allocations: 5692)
  Rendered layout layouts/application.html.erb (Duration: 68.8ms | Allocations: 5769)
Completed 500 Internal Server Error in 86ms (ActiveRecord: 3.6ms | Allocations: 6970)


  
ActionView::Template::Error (undefined local variable or method `client_workout' for #<ActionView::Base:0x0000000000c760>
Did you mean?  @client_workouts
               client_workout_url):
    19:         <td><%= cw.duration_mins %></td>
    20:         <td><%= cw.date_of_workout %></td>
    21:         <td><%= cw.paid_amount %></td>
    22:         <td><%= link_to "Show", client_workout %> <%= link_to "Edit", edit_client_workout_path %></td>
    23:       </tr>
    24:     <% end %>
    25:   </table>
  
app/views/client_workouts/index.html.erb:22
app/views/client_workouts/index.html.erb:15
Started GET "/client_workouts" for 127.0.0.1 at 2023-12-01 11:35:13 -0500
Processing by ClientWorkoutsController#index as HTML
  Rendering layout layouts/application.html.erb
  Rendering client_workouts/index.html.erb within layouts/application
  [1m[36mClientWorkout Load (0.3ms)[0m  [1m[34mSELECT "client_workouts".* FROM "client_workouts"[0m
  ↳ app/views/client_workouts/index.html.erb:15
  Rendered client_workouts/index.html.erb within layouts/application (Duration: 35.8ms | Allocations: 2553)
  Rendered layout layouts/application.html.erb (Duration: 46.4ms | Allocations: 2630)
Completed 500 Internal Server Error in 67ms (ActiveRecord: 0.3ms | Allocations: 3826)


  
ActionView::Template::Error (No route matches {:action=>"show", :controller=>"client_workouts"}, missing required keys: [:id]
Did you mean?  client_workout_url):
    19:         <td><%= cw.duration_mins %></td>
    20:         <td><%= cw.date_of_workout %></td>
    21:         <td><%= cw.paid_amount %></td>
    22:         <td><%= link_to "Show", client_workout_path %> <%= link_to "Edit", edit_client_workout_path %></td>
    23:       </tr>
    24:     <% end %>
    25:   </table>
  
app/views/client_workouts/index.html.erb:22
app/views/client_workouts/index.html.erb:15
Started GET "/client_workouts" for 127.0.0.1 at 2023-12-01 11:35:54 -0500
Processing by ClientWorkoutsController#index as HTML
  Rendering layout layouts/application.html.erb
  Rendering client_workouts/index.html.erb within layouts/application
  [1m[36mClientWorkout Load (0.1ms)[0m  [1m[34mSELECT "client_workouts".* FROM "client_workouts"[0m
  ↳ app/views/client_workouts/index.html.erb:15
  Rendered client_workouts/index.html.erb within layouts/application (Duration: 13.4ms | Allocations: 2554)
  Rendered layout layouts/application.html.erb (Duration: 16.8ms | Allocations: 2631)
Completed 500 Internal Server Error in 21ms (ActiveRecord: 0.1ms | Allocations: 3824)


  
ActionView::Template::Error (No route matches {:action=>"show", :controller=>"client_workouts"}, missing required keys: [:id]
Did you mean?  client_workouts_url):
    19:         <td><%= cw.duration_mins %></td>
    20:         <td><%= cw.date_of_workout %></td>
    21:         <td><%= cw.paid_amount %></td>
    22:         <td><%= link_to "Show", client_workout_url %> <%= link_to "Edit", edit_client_workout_url %></td>
    23:       </tr>
    24:     <% end %>
    25:   </table>
  
app/views/client_workouts/index.html.erb:22
app/views/client_workouts/index.html.erb:15
Started GET "/client_workouts" for 127.0.0.1 at 2023-12-01 11:37:41 -0500
Processing by ClientWorkoutsController#index as HTML
  Rendering layout layouts/application.html.erb
  Rendering client_workouts/index.html.erb within layouts/application
  [1m[36mClientWorkout Load (0.1ms)[0m  [1m[34mSELECT "client_workouts".* FROM "client_workouts"[0m
  ↳ app/views/client_workouts/index.html.erb:15
  Rendered client_workouts/index.html.erb within layouts/application (Duration: 6.7ms | Allocations: 2526)
  Rendered layout layouts/application.html.erb (Duration: 7.0ms | Allocations: 2603)
Completed 500 Internal Server Error in 11ms (ActiveRecord: 0.1ms | Allocations: 3796)


  
ActionView::Template::Error (No route matches {:action=>"show", :controller=>"client_workouts"}, missing required keys: [:id]
Did you mean?  client_workout_url):
    19:         <td><%= cw.duration_mins %></td>
    20:         <td><%= cw.date_of_workout %></td>
    21:         <td><%= cw.paid_amount %></td>
    22:         <td><%= link_to "Show", client_workout_path %> <%= link_to "Edit", edit_client_workout_path %></td>
    23:       </tr>
    24:     <% end %>
    25:   </table>
  
app/views/client_workouts/index.html.erb:22
app/views/client_workouts/index.html.erb:15
Started GET "/client_workouts" for 127.0.0.1 at 2023-12-01 11:41:28 -0500
Processing by ClientWorkoutsController#index as HTML
  Rendering layout layouts/application.html.erb
  Rendering client_workouts/index.html.erb within layouts/application
  Rendered client_workouts/index.html.erb within layouts/application (Duration: 3.5ms | Allocations: 1269)
  Rendered layout layouts/application.html.erb (Duration: 3.9ms | Allocations: 1350)
Completed 500 Internal Server Error in 19ms (ActiveRecord: 0.0ms | Allocations: 2552)


  
ActionView::SyntaxErrorInTemplate (Encountered a syntax error while rendering template: check <p style="color: green"><%= notice %></p>

<h1>Client workouts</h1>

<div id="client_workouts">
  <table>
    <tr>
      <th>Client name</th>
      <th>Trainer</th>
      <th>Duration mins</th>
      <th>Date of workout</th>
      <th>Paid amount</th>
      <th></th>
    </tr>
    <% @client_workouts.each do |cw| %>
      <tr>
        <td><%= cw.client_name %></td>
        <td><%= cw.trainer %></td>
        <td><%= cw.duration_mins %></td>
        <td><%= cw.date_of_workout %></td>
        <td><%= cw.paid_amount %></td>
        <td><%= link_to "Show", client_workout_path(cw.id) %> <%= link_to(cw.id) "Edit", edit_client_workout_path %></td>
      </tr>
    <% end %>
  </table>
</div>

<%= link_to "New client workout", new_client_workout_path %>

):
1:    <p style="color: green"><%= notice %></p>
2:    
3:    <h1>Client workouts</h1>
4:    
5:    <div id="client_workouts">
6:      <table>
7:        <tr>
8:          <th>Client name</th>
9:          <th>Trainer</th>
10:          <th>Duration mins</th>
11:          <th>Date of workout</th>
12:          <th>Paid amount</th>
13:          <th></th>
14:        </tr>
15:        <% @client_workouts.each do |cw| %>
16:          <tr>
17:            <td><%= cw.client_name %></td>
18:            <td><%= cw.trainer %></td>
19:            <td><%= cw.duration_mins %></td>
20:            <td><%= cw.date_of_workout %></td>
21:            <td><%= cw.paid_amount %></td>
22:            <td><%= link_to "Show", client_workout_path(cw.id) %> <%= link_to(cw.id) "Edit", edit_client_workout_path %></td>
23:          </tr>
24:        <% end %>
25:      </table>
26:    </div>
27:    
28:    <%= link_to "New client workout", new_client_workout_path %>
  
app/views/client_workouts/index.html.erb:22: syntax error, unexpected string literal, expecting ')'
app/views/client_workouts/index.html.erb:22: syntax error, unexpected ',', expecting ')'
app/views/client_workouts/index.html.erb:22: syntax error, unexpected string literal, expecting ')'
app/views/client_workouts/index.html.erb:22: syntax error, unexpected ',', expecting ')'
app/views/client_workouts/index.html.erb:22: syntax error, unexpected string literal, expecting ')'
app/views/client_workouts/index.html.erb:22: syntax error, unexpected ',', expecting ')'
app/views/client_workouts/index.html.erb:22: syntax error, unexpected string literal, expecting ')'
app/views/client_workouts/index.html.erb:22: syntax error, unexpected ',', expecting ')'
Started GET "/client_workouts" for 127.0.0.1 at 2023-12-01 11:42:45 -0500
Processing by ClientWorkoutsController#index as HTML
  Rendering layout layouts/application.html.erb
  Rendering client_workouts/index.html.erb within layouts/application
  Rendered client_workouts/index.html.erb within layouts/application (Duration: 15.7ms | Allocations: 1257)
  Rendered layout layouts/application.html.erb (Duration: 16.7ms | Allocations: 1338)
Completed 500 Internal Server Error in 25ms (ActiveRecord: 0.0ms | Allocations: 2536)


  
ActionView::SyntaxErrorInTemplate (Encountered a syntax error while rendering template: check <p style="color: green"><%= notice %></p>

<h1>Client workouts</h1>

<div id="client_workouts">
  <table>
    <tr>
      <th>Client name</th>
      <th>Trainer</th>
      <th>Duration mins</th>
      <th>Date of workout</th>
      <th>Paid amount</th>
      <th></th>
    </tr>
    <% @client_workouts.each do |cw| %>
      <tr>
        <td><%= cw.client_name %></td>
        <td><%= cw.trainer %></td>
        <td><%= cw.duration_mins %></td>
        <td><%= cw.date_of_workout %></td>
        <td><%= cw.paid_amount %></td>
        <td><%= link_to "Show", client_workout_path %> <%= link_to(cw) "Edit", edit_client_workout_path(cw) %></td>
      </tr>
    <% end %>
  </table>
</div>

<%= link_to "New client workout", new_client_workout_path %>

):
1:    <p style="color: green"><%= notice %></p>
2:    
3:    <h1>Client workouts</h1>
4:    
5:    <div id="client_workouts">
6:      <table>
7:        <tr>
8:          <th>Client name</th>
9:          <th>Trainer</th>
10:          <th>Duration mins</th>
11:          <th>Date of workout</th>
12:          <th>Paid amount</th>
13:          <th></th>
14:        </tr>
15:        <% @client_workouts.each do |cw| %>
16:          <tr>
17:            <td><%= cw.client_name %></td>
18:            <td><%= cw.trainer %></td>
19:            <td><%= cw.duration_mins %></td>
20:            <td><%= cw.date_of_workout %></td>
21:            <td><%= cw.paid_amount %></td>
22:            <td><%= link_to "Show", client_workout_path %> <%= link_to(cw) "Edit", edit_client_workout_path(cw) %></td>
23:          </tr>
24:        <% end %>
25:      </table>
26:    </div>
27:    
28:    <%= link_to "New client workout", new_client_workout_path %>
  
app/views/client_workouts/index.html.erb:22: syntax error, unexpected string literal, expecting ')'
app/views/client_workouts/index.html.erb:22: syntax error, unexpected ',', expecting ')'
app/views/client_workouts/index.html.erb:22: syntax error, unexpected string literal, expecting ')'
app/views/client_workouts/index.html.erb:22: syntax error, unexpected ',', expecting ')'
app/views/client_workouts/index.html.erb:22: syntax error, unexpected string literal, expecting ')'
app/views/client_workouts/index.html.erb:22: syntax error, unexpected ',', expecting ')'
app/views/client_workouts/index.html.erb:22: syntax error, unexpected string literal, expecting ')'
app/views/client_workouts/index.html.erb:22: syntax error, unexpected ',', expecting ')'
Started GET "/client_workouts" for 127.0.0.1 at 2023-12-01 11:43:44 -0500
Processing by ClientWorkoutsController#index as HTML
  Rendering layout layouts/application.html.erb
  Rendering client_workouts/index.html.erb within layouts/application
  [1m[36mClientWorkout Load (0.1ms)[0m  [1m[34mSELECT "client_workouts".* FROM "client_workouts"[0m
  ↳ app/views/client_workouts/index.html.erb:15
  Rendered client_workouts/index.html.erb within layouts/application (Duration: 13.2ms | Allocations: 2124)
  Rendered layout layouts/application.html.erb (Duration: 27.1ms | Allocations: 4770)
Completed 200 OK in 40ms (Views: 37.9ms | ActiveRecord: 0.4ms | Allocations: 6001)


Started GET "/client_workouts/1" for 127.0.0.1 at 2023-12-01 11:43:47 -0500
Processing by ClientWorkoutsController#show as HTML
  Parameters: {"id"=>"1"}
  [1m[36mClientWorkout Load (0.3ms)[0m  [1m[34mSELECT "client_workouts".* FROM "client_workouts" WHERE "client_workouts"."id" = ? LIMIT ?[0m  [["id", 1], ["LIMIT", 1]]
  ↳ app/controllers/client_workouts_controller.rb:63:in `set_client_workout'
  Rendering layout layouts/application.html.erb
  Rendering client_workouts/show.html.erb within layouts/application
  Rendered client_workouts/_client_workout.html.erb (Duration: 6.1ms | Allocations: 314)
  Rendered client_workouts/show.html.erb within layouts/application (Duration: 9.8ms | Allocations: 1183)
  Rendered layout layouts/application.html.erb (Duration: 14.4ms | Allocations: 3361)
Completed 200 OK in 28ms (Views: 16.6ms | ActiveRecord: 0.3ms | Allocations: 4280)


