Started GET "/" for 127.0.0.1 at 2023-11-26 23:07:48 -0500
Processing by Rails::WelcomeController#index as HTML
  Rendering /home/aldo/.rvm/gems/ruby-3.0.2/gems/railties-7.0.8/lib/rails/templates/rails/welcome/index.html.erb
  Rendered /home/aldo/.rvm/gems/ruby-3.0.2/gems/railties-7.0.8/lib/rails/templates/rails/welcome/index.html.erb (Duration: 5.2ms | Allocations: 931)
Completed 200 OK in 84ms (Views: 22.9ms | ActiveRecord: 0.0ms | Allocations: 10013)


Started GET "/" for 127.0.0.1 at 2023-11-26 23:08:18 -0500
Processing by Rails::WelcomeController#index as HTML
  Rendering /home/aldo/.rvm/gems/ruby-3.0.2/gems/railties-7.0.8/lib/rails/templates/rails/welcome/index.html.erb
  Rendered /home/aldo/.rvm/gems/ruby-3.0.2/gems/railties-7.0.8/lib/rails/templates/rails/welcome/index.html.erb (Duration: 2.5ms | Allocations: 825)
Completed 200 OK in 12ms (Views: 4.9ms | ActiveRecord: 0.0ms | Allocations: 7460)


Started GET "/" for 127.0.0.1 at 2023-11-26 23:16:39 -0500
Processing by Rails::WelcomeController#index as HTML
  Rendering /home/aldo/.rvm/gems/ruby-3.0.2/gems/railties-7.0.8/lib/rails/templates/rails/welcome/index.html.erb
  Rendered /home/aldo/.rvm/gems/ruby-3.0.2/gems/railties-7.0.8/lib/rails/templates/rails/welcome/index.html.erb (Duration: 2.5ms | Allocations: 826)
Completed 200 OK in 12ms (Views: 5.0ms | ActiveRecord: 0.0ms | Allocations: 7461)


Started GET "/" for 127.0.0.1 at 2023-11-27 07:52:46 -0500
  [1m[35m (4.3ms)[0m  [1m[35mCREATE TABLE "schema_migrations" ("version" varchar NOT NULL PRIMARY KEY)[0m
  [1m[35m (4.0ms)[0m  [1m[35mCREATE TABLE "ar_internal_metadata" ("key" varchar NOT NULL PRIMARY KEY, "value" varchar, "created_at" datetime(6) NOT NULL, "updated_at" datetime(6) NOT NULL)[0m
  [1m[36mActiveRecord::SchemaMigration Pluck (0.2ms)[0m  [1m[34mSELECT "schema_migrations"."version" FROM "schema_migrations" ORDER BY "schema_migrations"."version" ASC[0m
  
ActiveRecord::PendingMigrationError (

Migrations are pending. To resolve this issue, run:

        bin/rails db:migrate RAILS_ENV=development

You have 1 pending migration:

20231127042856_create_tickets.rb


):
  
activerecord (7.0.8) lib/active_record/migration.rb:662:in `check_pending!'
activerecord (7.0.8) lib/active_record/migration.rb:627:in `block (2 levels) in call'
activesupport (7.0.8) lib/active_support/file_update_checker.rb:83:in `execute'
activerecord (7.0.8) lib/active_record/migration.rb:632:in `block in call'
activerecord (7.0.8) lib/active_record/migration.rb:624:in `synchronize'
activerecord (7.0.8) lib/active_record/migration.rb:624:in `call'
actionpack (7.0.8) lib/action_dispatch/middleware/callbacks.rb:27:in `block in call'
activesupport (7.0.8) lib/active_support/callbacks.rb:99:in `run_callbacks'
actionpack (7.0.8) lib/action_dispatch/middleware/callbacks.rb:26:in `call'
actionpack (7.0.8) lib/action_dispatch/middleware/executor.rb:14:in `call'
actionpack (7.0.8) lib/action_dispatch/middleware/actionable_exceptions.rb:17:in `call'
actionpack (7.0.8) lib/action_dispatch/middleware/debug_exceptions.rb:28:in `call'
web-console (4.2.1) lib/web_console/middleware.rb:132:in `call_app'
web-console (4.2.1) lib/web_console/middleware.rb:28:in `block in call'
web-console (4.2.1) lib/web_console/middleware.rb:17:in `catch'
web-console (4.2.1) lib/web_console/middleware.rb:17:in `call'
actionpack (7.0.8) lib/action_dispatch/middleware/show_exceptions.rb:29:in `call'
railties (7.0.8) lib/rails/rack/logger.rb:40:in `call_app'
railties (7.0.8) lib/rails/rack/logger.rb:25:in `block in call'
activesupport (7.0.8) lib/active_support/tagged_logging.rb:99:in `block in tagged'
activesupport (7.0.8) lib/active_support/tagged_logging.rb:37:in `tagged'
activesupport (7.0.8) lib/active_support/tagged_logging.rb:99:in `tagged'
railties (7.0.8) lib/rails/rack/logger.rb:25:in `call'
sprockets-rails (3.4.2) lib/sprockets/rails/quiet_assets.rb:13:in `call'
actionpack (7.0.8) lib/action_dispatch/middleware/remote_ip.rb:93:in `call'
actionpack (7.0.8) lib/action_dispatch/middleware/request_id.rb:26:in `call'
rack (2.2.8) lib/rack/method_override.rb:24:in `call'
rack (2.2.8) lib/rack/runtime.rb:22:in `call'
activesupport (7.0.8) lib/active_support/cache/strategy/local_cache_middleware.rb:29:in `call'
actionpack (7.0.8) lib/action_dispatch/middleware/server_timing.rb:61:in `block in call'
actionpack (7.0.8) lib/action_dispatch/middleware/server_timing.rb:26:in `collect_events'
actionpack (7.0.8) lib/action_dispatch/middleware/server_timing.rb:60:in `call'
actionpack (7.0.8) lib/action_dispatch/middleware/executor.rb:14:in `call'
actionpack (7.0.8) lib/action_dispatch/middleware/static.rb:23:in `call'
rack (2.2.8) lib/rack/sendfile.rb:110:in `call'
actionpack (7.0.8) lib/action_dispatch/middleware/host_authorization.rb:138:in `call'
railties (7.0.8) lib/rails/engine.rb:530:in `call'
puma (5.6.7) lib/puma/configuration.rb:252:in `call'
puma (5.6.7) lib/puma/request.rb:77:in `block in handle_request'
puma (5.6.7) lib/puma/thread_pool.rb:340:in `with_force_shutdown'
puma (5.6.7) lib/puma/request.rb:76:in `handle_request'
puma (5.6.7) lib/puma/server.rb:443:in `process_client'
puma (5.6.7) lib/puma/thread_pool.rb:147:in `block in spawn_thread'
Started GET "/tickets" for 127.0.0.1 at 2023-11-27 07:52:59 -0500
  [1m[36mActiveRecord::SchemaMigration Pluck (0.1ms)[0m  [1m[34mSELECT "schema_migrations"."version" FROM "schema_migrations" ORDER BY "schema_migrations"."version" ASC[0m
  [1m[36mCACHE ActiveRecord::SchemaMigration Pluck (0.0ms)[0m  [1m[34mSELECT "schema_migrations"."version" FROM "schema_migrations" ORDER BY "schema_migrations"."version" ASC[0m
  
ActiveRecord::PendingMigrationError (

Migrations are pending. To resolve this issue, run:

        bin/rails db:migrate RAILS_ENV=development

You have 1 pending migration:

20231127042856_create_tickets.rb


):
  
activerecord (7.0.8) lib/active_record/migration.rb:662:in `check_pending!'
activerecord (7.0.8) lib/active_record/migration.rb:627:in `block (2 levels) in call'
activesupport (7.0.8) lib/active_support/file_update_checker.rb:83:in `execute'
activerecord (7.0.8) lib/active_record/migration.rb:632:in `block in call'
activerecord (7.0.8) lib/active_record/migration.rb:624:in `synchronize'
activerecord (7.0.8) lib/active_record/migration.rb:624:in `call'
actionpack (7.0.8) lib/action_dispatch/middleware/callbacks.rb:27:in `block in call'
activesupport (7.0.8) lib/active_support/callbacks.rb:99:in `run_callbacks'
actionpack (7.0.8) lib/action_dispatch/middleware/callbacks.rb:26:in `call'
actionpack (7.0.8) lib/action_dispatch/middleware/executor.rb:14:in `call'
actionpack (7.0.8) lib/action_dispatch/middleware/actionable_exceptions.rb:17:in `call'
actionpack (7.0.8) lib/action_dispatch/middleware/debug_exceptions.rb:28:in `call'
web-console (4.2.1) lib/web_console/middleware.rb:132:in `call_app'
web-console (4.2.1) lib/web_console/middleware.rb:28:in `block in call'
web-console (4.2.1) lib/web_console/middleware.rb:17:in `catch'
web-console (4.2.1) lib/web_console/middleware.rb:17:in `call'
actionpack (7.0.8) lib/action_dispatch/middleware/show_exceptions.rb:29:in `call'
railties (7.0.8) lib/rails/rack/logger.rb:40:in `call_app'
railties (7.0.8) lib/rails/rack/logger.rb:25:in `block in call'
activesupport (7.0.8) lib/active_support/tagged_logging.rb:99:in `block in tagged'
activesupport (7.0.8) lib/active_support/tagged_logging.rb:37:in `tagged'
activesupport (7.0.8) lib/active_support/tagged_logging.rb:99:in `tagged'
railties (7.0.8) lib/rails/rack/logger.rb:25:in `call'
sprockets-rails (3.4.2) lib/sprockets/rails/quiet_assets.rb:13:in `call'
actionpack (7.0.8) lib/action_dispatch/middleware/remote_ip.rb:93:in `call'
actionpack (7.0.8) lib/action_dispatch/middleware/request_id.rb:26:in `call'
rack (2.2.8) lib/rack/method_override.rb:24:in `call'
rack (2.2.8) lib/rack/runtime.rb:22:in `call'
activesupport (7.0.8) lib/active_support/cache/strategy/local_cache_middleware.rb:29:in `call'
actionpack (7.0.8) lib/action_dispatch/middleware/server_timing.rb:61:in `block in call'
actionpack (7.0.8) lib/action_dispatch/middleware/server_timing.rb:26:in `collect_events'
actionpack (7.0.8) lib/action_dispatch/middleware/server_timing.rb:60:in `call'
actionpack (7.0.8) lib/action_dispatch/middleware/executor.rb:14:in `call'
actionpack (7.0.8) lib/action_dispatch/middleware/static.rb:23:in `call'
rack (2.2.8) lib/rack/sendfile.rb:110:in `call'
actionpack (7.0.8) lib/action_dispatch/middleware/host_authorization.rb:138:in `call'
railties (7.0.8) lib/rails/engine.rb:530:in `call'
puma (5.6.7) lib/puma/configuration.rb:252:in `call'
puma (5.6.7) lib/puma/request.rb:77:in `block in handle_request'
puma (5.6.7) lib/puma/thread_pool.rb:340:in `with_force_shutdown'
puma (5.6.7) lib/puma/request.rb:76:in `handle_request'
puma (5.6.7) lib/puma/server.rb:443:in `process_client'
puma (5.6.7) lib/puma/thread_pool.rb:147:in `block in spawn_thread'
Started GET "/ticket" for 127.0.0.1 at 2023-11-27 07:53:03 -0500
  [1m[36mActiveRecord::SchemaMigration Pluck (0.1ms)[0m  [1m[34mSELECT "schema_migrations"."version" FROM "schema_migrations" ORDER BY "schema_migrations"."version" ASC[0m
  [1m[36mCACHE ActiveRecord::SchemaMigration Pluck (0.0ms)[0m  [1m[34mSELECT "schema_migrations"."version" FROM "schema_migrations" ORDER BY "schema_migrations"."version" ASC[0m
  
ActiveRecord::PendingMigrationError (

Migrations are pending. To resolve this issue, run:

        bin/rails db:migrate RAILS_ENV=development

You have 1 pending migration:

20231127042856_create_tickets.rb


):
  
activerecord (7.0.8) lib/active_record/migration.rb:662:in `check_pending!'
activerecord (7.0.8) lib/active_record/migration.rb:627:in `block (2 levels) in call'
activesupport (7.0.8) lib/active_support/file_update_checker.rb:83:in `execute'
activerecord (7.0.8) lib/active_record/migration.rb:632:in `block in call'
activerecord (7.0.8) lib/active_record/migration.rb:624:in `synchronize'
activerecord (7.0.8) lib/active_record/migration.rb:624:in `call'
actionpack (7.0.8) lib/action_dispatch/middleware/callbacks.rb:27:in `block in call'
activesupport (7.0.8) lib/active_support/callbacks.rb:99:in `run_callbacks'
actionpack (7.0.8) lib/action_dispatch/middleware/callbacks.rb:26:in `call'
actionpack (7.0.8) lib/action_dispatch/middleware/executor.rb:14:in `call'
actionpack (7.0.8) lib/action_dispatch/middleware/actionable_exceptions.rb:17:in `call'
actionpack (7.0.8) lib/action_dispatch/middleware/debug_exceptions.rb:28:in `call'
web-console (4.2.1) lib/web_console/middleware.rb:132:in `call_app'
web-console (4.2.1) lib/web_console/middleware.rb:28:in `block in call'
web-console (4.2.1) lib/web_console/middleware.rb:17:in `catch'
web-console (4.2.1) lib/web_console/middleware.rb:17:in `call'
actionpack (7.0.8) lib/action_dispatch/middleware/show_exceptions.rb:29:in `call'
railties (7.0.8) lib/rails/rack/logger.rb:40:in `call_app'
railties (7.0.8) lib/rails/rack/logger.rb:25:in `block in call'
activesupport (7.0.8) lib/active_support/tagged_logging.rb:99:in `block in tagged'
activesupport (7.0.8) lib/active_support/tagged_logging.rb:37:in `tagged'
activesupport (7.0.8) lib/active_support/tagged_logging.rb:99:in `tagged'
railties (7.0.8) lib/rails/rack/logger.rb:25:in `call'
sprockets-rails (3.4.2) lib/sprockets/rails/quiet_assets.rb:13:in `call'
actionpack (7.0.8) lib/action_dispatch/middleware/remote_ip.rb:93:in `call'
actionpack (7.0.8) lib/action_dispatch/middleware/request_id.rb:26:in `call'
rack (2.2.8) lib/rack/method_override.rb:24:in `call'
rack (2.2.8) lib/rack/runtime.rb:22:in `call'
activesupport (7.0.8) lib/active_support/cache/strategy/local_cache_middleware.rb:29:in `call'
actionpack (7.0.8) lib/action_dispatch/middleware/server_timing.rb:61:in `block in call'
actionpack (7.0.8) lib/action_dispatch/middleware/server_timing.rb:26:in `collect_events'
actionpack (7.0.8) lib/action_dispatch/middleware/server_timing.rb:60:in `call'
actionpack (7.0.8) lib/action_dispatch/middleware/executor.rb:14:in `call'
actionpack (7.0.8) lib/action_dispatch/middleware/static.rb:23:in `call'
rack (2.2.8) lib/rack/sendfile.rb:110:in `call'
actionpack (7.0.8) lib/action_dispatch/middleware/host_authorization.rb:138:in `call'
railties (7.0.8) lib/rails/engine.rb:530:in `call'
puma (5.6.7) lib/puma/configuration.rb:252:in `call'
puma (5.6.7) lib/puma/request.rb:77:in `block in handle_request'
puma (5.6.7) lib/puma/thread_pool.rb:340:in `with_force_shutdown'
puma (5.6.7) lib/puma/request.rb:76:in `handle_request'
puma (5.6.7) lib/puma/server.rb:443:in `process_client'
puma (5.6.7) lib/puma/thread_pool.rb:147:in `block in spawn_thread'
  [1m[36mActiveRecord::SchemaMigration Pluck (0.1ms)[0m  [1m[34mSELECT "schema_migrations"."version" FROM "schema_migrations" ORDER BY "schema_migrations"."version" ASC[0m
Migrating to CreateTickets (20231127042856)
  [1m[36mTRANSACTION (0.1ms)[0m  [1m[36mbegin transaction[0m
  [1m[35m (2.6ms)[0m  [1m[35mCREATE TABLE "tickets" ("id" integer PRIMARY KEY AUTOINCREMENT NOT NULL, "name" varchar, "seat_id_seq" varchar, "address" text, "price_paid" decimal, "email_address" varchar, "created_at" datetime(6) NOT NULL, "updated_at" datetime(6) NOT NULL)[0m
  [1m[36mActiveRecord::SchemaMigration Create (0.2ms)[0m  [1m[32mINSERT INTO "schema_migrations" ("version") VALUES (?)[0m  [["version", "20231127042856"]]
  [1m[36mTRANSACTION (9.8ms)[0m  [1m[36mcommit transaction[0m
  [1m[36mActiveRecord::InternalMetadata Load (0.2ms)[0m  [1m[34mSELECT "ar_internal_metadata".* FROM "ar_internal_metadata" WHERE "ar_internal_metadata"."key" = ? LIMIT ?[0m  [["key", "environment"], ["LIMIT", 1]]
  [1m[36mTRANSACTION (0.1ms)[0m  [1m[36mbegin transaction[0m
  [1m[36mActiveRecord::InternalMetadata Create (0.5ms)[0m  [1m[32mINSERT INTO "ar_internal_metadata" ("key", "value", "created_at", "updated_at") VALUES (?, ?, ?, ?)[0m  [["key", "environment"], ["value", "development"], ["created_at", "2023-11-27 13:17:51.404318"], ["updated_at", "2023-11-27 13:17:51.404318"]]
  [1m[36mTRANSACTION (29.4ms)[0m  [1m[36mcommit transaction[0m
  [1m[36mActiveRecord::SchemaMigration Pluck (0.1ms)[0m  [1m[34mSELECT "schema_migrations"."version" FROM "schema_migrations" ORDER BY "schema_migrations"."version" ASC[0m
Started GET "/" for 127.0.0.1 at 2023-11-27 10:44:54 -0500
  [1m[36mActiveRecord::SchemaMigration Pluck (0.2ms)[0m  [1m[34mSELECT "schema_migrations"."version" FROM "schema_migrations" ORDER BY "schema_migrations"."version" ASC[0m
Processing by Rails::WelcomeController#index as HTML
  Rendering /home/aldo/.rvm/gems/ruby-3.0.2/gems/railties-7.0.8/lib/rails/templates/rails/welcome/index.html.erb
  Rendered /home/aldo/.rvm/gems/ruby-3.0.2/gems/railties-7.0.8/lib/rails/templates/rails/welcome/index.html.erb (Duration: 6.5ms | Allocations: 826)
Completed 200 OK in 58ms (Views: 13.5ms | ActiveRecord: 0.0ms | Allocations: 7473)


Started GET "/tickets/" for 127.0.0.1 at 2023-11-27 10:45:05 -0500
Processing by TicketsController#index as HTML
  Rendering layout layouts/application.html.erb
  Rendering tickets/index.html.erb within layouts/application
  [1m[36mTicket Load (4.6ms)[0m  [1m[34mSELECT "tickets".* FROM "tickets"[0m
  ↳ app/views/tickets/index.html.erb:6
  Rendered tickets/index.html.erb within layouts/application (Duration: 17.3ms | Allocations: 1385)
  Rendered layout layouts/application.html.erb (Duration: 878.5ms | Allocations: 89902)
Completed 200 OK in 896ms (Views: 885.2ms | ActiveRecord: 4.6ms | Allocations: 92090)


Started GET "/tickets/new" for 127.0.0.1 at 2023-11-27 10:45:10 -0500
Processing by TicketsController#new as HTML
  Rendering layout layouts/application.html.erb
  Rendering tickets/new.html.erb within layouts/application
  Rendered tickets/_form.html.erb (Duration: 20.5ms | Allocations: 4414)
  Rendered tickets/new.html.erb within layouts/application (Duration: 22.3ms | Allocations: 4795)
  Rendered layout layouts/application.html.erb (Duration: 26.5ms | Allocations: 7103)
Completed 200 OK in 104ms (Views: 34.1ms | ActiveRecord: 13.4ms | Allocations: 24813)


Started GET "/tickets" for 127.0.0.1 at 2023-11-27 10:45:27 -0500
Processing by TicketsController#index as HTML
  Rendering layout layouts/application.html.erb
  Rendering tickets/index.html.erb within layouts/application
  [1m[36mTicket Load (0.1ms)[0m  [1m[34mSELECT "tickets".* FROM "tickets"[0m
  ↳ app/views/tickets/index.html.erb:6
  Rendered tickets/index.html.erb within layouts/application (Duration: 2.7ms | Allocations: 768)
  Rendered layout layouts/application.html.erb (Duration: 11.2ms | Allocations: 2967)
Completed 200 OK in 13ms (Views: 12.5ms | ActiveRecord: 0.1ms | Allocations: 3342)


Started GET "/tickets/new" for 127.0.0.1 at 2023-11-27 10:50:15 -0500
Processing by TicketsController#new as HTML
  Rendering layout layouts/application.html.erb
  Rendering tickets/new.html.erb within layouts/application
  Rendered tickets/_form.html.erb (Duration: 13.1ms | Allocations: 1654)
  Rendered tickets/new.html.erb within layouts/application (Duration: 14.2ms | Allocations: 1743)
  Rendered layout layouts/application.html.erb (Duration: 40.9ms | Allocations: 3928)
Completed 200 OK in 47ms (Views: 46.4ms | ActiveRecord: 0.0ms | Allocations: 4275)


Started POST "/tickets" for 127.0.0.1 at 2023-11-27 10:50:56 -0500
Processing by TicketsController#create as TURBO_STREAM
  Parameters: {"authenticity_token"=>"[FILTERED]", "ticket"=>{"name"=>"Alan Longmuir", "seat_id_seq"=>"1A", "address"=>"37 Newbury Road, Ashfield, MA", "price_paid"=>"60", "email_address"=>"alan@shangalang.com"}, "commit"=>"Create Ticket"}
  [1m[36mTRANSACTION (0.1ms)[0m  [1m[36mbegin transaction[0m
  ↳ app/controllers/tickets_controller.rb:27:in `block in create'
  [1m[36mTicket Create (12.7ms)[0m  [1m[32mINSERT INTO "tickets" ("name", "seat_id_seq", "address", "price_paid", "email_address", "created_at", "updated_at") VALUES (?, ?, ?, ?, ?, ?, ?)[0m  [["name", "Alan Longmuir"], ["seat_id_seq", "1A"], ["address", "37 Newbury Road, Ashfield, MA"], ["price_paid", 60.0], ["email_address", "alan@shangalang.com"], ["created_at", "2023-11-27 15:50:56.220083"], ["updated_at", "2023-11-27 15:50:56.220083"]]
  ↳ app/controllers/tickets_controller.rb:27:in `block in create'
  [1m[36mTRANSACTION (4.3ms)[0m  [1m[36mcommit transaction[0m
  ↳ app/controllers/tickets_controller.rb:27:in `block in create'
Redirected to http://127.0.0.1:3000/tickets/1
Completed 302 Found in 71ms (ActiveRecord: 17.4ms | Allocations: 3926)


Started GET "/tickets/1" for 127.0.0.1 at 2023-11-27 10:50:56 -0500
Processing by TicketsController#show as TURBO_STREAM
  Parameters: {"id"=>"1"}
  [1m[36mTicket Load (0.2ms)[0m  [1m[34mSELECT "tickets".* FROM "tickets" WHERE "tickets"."id" = ? LIMIT ?[0m  [["id", 1], ["LIMIT", 1]]
  ↳ app/controllers/tickets_controller.rb:63:in `set_ticket'
  Rendering layout layouts/application.html.erb
  Rendering tickets/show.html.erb within layouts/application
  Rendered tickets/_ticket.html.erb (Duration: 0.9ms | Allocations: 375)
  Rendered tickets/show.html.erb within layouts/application (Duration: 26.2ms | Allocations: 1866)
  Rendered layout layouts/application.html.erb (Duration: 31.4ms | Allocations: 4172)
Completed 200 OK in 46ms (Views: 34.5ms | ActiveRecord: 0.2ms | Allocations: 7301)


Started GET "/tickets" for 127.0.0.1 at 2023-11-27 10:51:43 -0500
Processing by TicketsController#index as HTML
  Rendering layout layouts/application.html.erb
  Rendering tickets/index.html.erb within layouts/application
  [1m[36mTicket Load (0.2ms)[0m  [1m[34mSELECT "tickets".* FROM "tickets"[0m
  ↳ app/views/tickets/index.html.erb:6
  Rendered tickets/_ticket.html.erb (Duration: 0.2ms | Allocations: 29)
  Rendered tickets/index.html.erb within layouts/application (Duration: 5.8ms | Allocations: 1004)
  Rendered layout layouts/application.html.erb (Duration: 10.4ms | Allocations: 3203)
Completed 200 OK in 14ms (Views: 13.6ms | ActiveRecord: 0.2ms | Allocations: 3565)


Started GET "/tickets/1" for 127.0.0.1 at 2023-11-27 10:51:51 -0500
Processing by TicketsController#show as HTML
  Parameters: {"id"=>"1"}
  [1m[36mTicket Load (0.2ms)[0m  [1m[34mSELECT "tickets".* FROM "tickets" WHERE "tickets"."id" = ? LIMIT ?[0m  [["id", 1], ["LIMIT", 1]]
  ↳ app/controllers/tickets_controller.rb:63:in `set_ticket'
  Rendering layout layouts/application.html.erb
  Rendering tickets/show.html.erb within layouts/application
  Rendered tickets/_ticket.html.erb (Duration: 0.1ms | Allocations: 29)
  Rendered tickets/show.html.erb within layouts/application (Duration: 12.7ms | Allocations: 577)
  Rendered layout layouts/application.html.erb (Duration: 28.7ms | Allocations: 2753)
Completed 200 OK in 43ms (Views: 30.8ms | ActiveRecord: 0.2ms | Allocations: 3541)


Started GET "/tickets" for 127.0.0.1 at 2023-11-27 10:51:54 -0500
Processing by TicketsController#index as HTML
  Rendering layout layouts/application.html.erb
  Rendering tickets/index.html.erb within layouts/application
  [1m[36mTicket Load (0.1ms)[0m  [1m[34mSELECT "tickets".* FROM "tickets"[0m
  ↳ app/views/tickets/index.html.erb:6
  Rendered tickets/_ticket.html.erb (Duration: 0.2ms | Allocations: 29)
  Rendered tickets/index.html.erb within layouts/application (Duration: 15.4ms | Allocations: 851)
  Rendered layout layouts/application.html.erb (Duration: 21.4ms | Allocations: 3048)
Completed 200 OK in 26ms (Views: 25.0ms | ActiveRecord: 0.1ms | Allocations: 3377)


Started GET "/tickets/new" for 127.0.0.1 at 2023-11-27 10:51:57 -0500
Processing by TicketsController#new as HTML
  Rendering layout layouts/application.html.erb
  Rendering tickets/new.html.erb within layouts/application
  Rendered tickets/_form.html.erb (Duration: 4.9ms | Allocations: 1714)
  Rendered tickets/new.html.erb within layouts/application (Duration: 5.2ms | Allocations: 1800)
  Rendered layout layouts/application.html.erb (Duration: 9.0ms | Allocations: 3985)
Completed 200 OK in 13ms (Views: 10.1ms | ActiveRecord: 0.0ms | Allocations: 4323)


Started POST "/tickets" for 127.0.0.1 at 2023-11-27 10:52:43 -0500
Processing by TicketsController#create as TURBO_STREAM
  Parameters: {"authenticity_token"=>"[FILTERED]", "ticket"=>{"name"=>"Gordon Clark", "seat_id_seq"=>"43G", "address"=>"17 Tudor Street, Cambridge, MA", "price_paid"=>"35.0", "email_address"=>"gclark@rollermail.com"}, "commit"=>"Create Ticket"}
  [1m[36mTRANSACTION (2.5ms)[0m  [1m[36mbegin transaction[0m
  ↳ app/controllers/tickets_controller.rb:27:in `block in create'
  [1m[36mTicket Create (0.6ms)[0m  [1m[32mINSERT INTO "tickets" ("name", "seat_id_seq", "address", "price_paid", "email_address", "created_at", "updated_at") VALUES (?, ?, ?, ?, ?, ?, ?)[0m  [["name", "Gordon Clark"], ["seat_id_seq", "43G"], ["address", "17 Tudor Street, Cambridge, MA"], ["price_paid", 35.0], ["email_address", "gclark@rollermail.com"], ["created_at", "2023-11-27 15:52:43.466852"], ["updated_at", "2023-11-27 15:52:43.466852"]]
  ↳ app/controllers/tickets_controller.rb:27:in `block in create'
  [1m[36mTRANSACTION (26.7ms)[0m  [1m[36mcommit transaction[0m
  ↳ app/controllers/tickets_controller.rb:27:in `block in create'
Redirected to http://127.0.0.1:3000/tickets/2
Completed 302 Found in 39ms (ActiveRecord: 29.8ms | Allocations: 2347)


Started GET "/tickets/2" for 127.0.0.1 at 2023-11-27 10:52:43 -0500
Processing by TicketsController#show as TURBO_STREAM
  Parameters: {"id"=>"2"}
  [1m[36mTicket Load (0.1ms)[0m  [1m[34mSELECT "tickets".* FROM "tickets" WHERE "tickets"."id" = ? LIMIT ?[0m  [["id", 2], ["LIMIT", 1]]
  ↳ app/controllers/tickets_controller.rb:63:in `set_ticket'
  Rendering layout layouts/application.html.erb
  Rendering tickets/show.html.erb within layouts/application
  Rendered tickets/_ticket.html.erb (Duration: 0.1ms | Allocations: 29)
  Rendered tickets/show.html.erb within layouts/application (Duration: 6.4ms | Allocations: 607)
  Rendered layout layouts/application.html.erb (Duration: 12.0ms | Allocations: 2792)
Completed 200 OK in 15ms (Views: 12.6ms | ActiveRecord: 0.1ms | Allocations: 3558)


Started GET "/tickets" for 127.0.0.1 at 2023-11-27 10:52:45 -0500
Processing by TicketsController#index as HTML
  Rendering layout layouts/application.html.erb
  Rendering tickets/index.html.erb within layouts/application
  [1m[36mTicket Load (0.3ms)[0m  [1m[34mSELECT "tickets".* FROM "tickets"[0m
  ↳ app/views/tickets/index.html.erb:6
  Rendered tickets/_ticket.html.erb (Duration: 0.3ms | Allocations: 29)
  Rendered tickets/_ticket.html.erb (Duration: 0.2ms | Allocations: 28)
  Rendered tickets/index.html.erb within layouts/application (Duration: 20.0ms | Allocations: 987)
  Rendered layout layouts/application.html.erb (Duration: 29.9ms | Allocations: 3184)
Completed 200 OK in 33ms (Views: 32.1ms | ActiveRecord: 0.3ms | Allocations: 3513)


Started GET "/tickets/" for 127.0.0.1 at 2023-11-27 10:52:54 -0500
Processing by TicketsController#index as HTML
  Rendering layout layouts/application.html.erb
  Rendering tickets/index.html.erb within layouts/application
  [1m[36mTicket Load (0.1ms)[0m  [1m[34mSELECT "tickets".* FROM "tickets"[0m
  ↳ app/views/tickets/index.html.erb:6
  Rendered tickets/_ticket.html.erb (Duration: 0.1ms | Allocations: 29)
  Rendered tickets/_ticket.html.erb (Duration: 0.1ms | Allocations: 28)
  Rendered tickets/index.html.erb within layouts/application (Duration: 15.9ms | Allocations: 987)
  Rendered layout layouts/application.html.erb (Duration: 33.0ms | Allocations: 3185)
Completed 200 OK in 39ms (Views: 38.0ms | ActiveRecord: 0.1ms | Allocations: 3512)


Started GET "/" for 127.0.0.1 at 2023-11-27 10:53:08 -0500
Processing by Rails::WelcomeController#index as HTML
  Rendering /home/aldo/.rvm/gems/ruby-3.0.2/gems/railties-7.0.8/lib/rails/templates/rails/welcome/index.html.erb
  Rendered /home/aldo/.rvm/gems/ruby-3.0.2/gems/railties-7.0.8/lib/rails/templates/rails/welcome/index.html.erb (Duration: 5.1ms | Allocations: 485)
Completed 200 OK in 15ms (Views: 11.1ms | ActiveRecord: 0.0ms | Allocations: 1421)


Started GET "/tickets/" for 127.0.0.1 at 2023-11-27 10:53:20 -0500
Processing by TicketsController#index as HTML
  Rendering layout layouts/application.html.erb
  Rendering tickets/index.html.erb within layouts/application
  [1m[36mTicket Load (0.1ms)[0m  [1m[34mSELECT "tickets".* FROM "tickets"[0m
  ↳ app/views/tickets/index.html.erb:6
  Rendered tickets/_ticket.html.erb (Duration: 0.1ms | Allocations: 36)
  Rendered tickets/_ticket.html.erb (Duration: 0.1ms | Allocations: 28)
  Rendered tickets/index.html.erb within layouts/application (Duration: 17.3ms | Allocations: 1170)
  Rendered layout layouts/application.html.erb (Duration: 21.2ms | Allocations: 3490)
Completed 200 OK in 26ms (Views: 25.3ms | ActiveRecord: 0.1ms | Allocations: 3846)


Started GET "/tickets/1" for 127.0.0.1 at 2023-11-27 11:02:39 -0500
Processing by TicketsController#show as HTML
  Parameters: {"id"=>"1"}
  [1m[36mTicket Load (0.2ms)[0m  [1m[34mSELECT "tickets".* FROM "tickets" WHERE "tickets"."id" = ? LIMIT ?[0m  [["id", 1], ["LIMIT", 1]]
  ↳ app/controllers/tickets_controller.rb:63:in `set_ticket'
  Rendering layout layouts/application.html.erb
  Rendering tickets/show.html.erb within layouts/application
  Rendered tickets/_ticket.html.erb (Duration: 0.2ms | Allocations: 29)
  Rendered tickets/show.html.erb within layouts/application (Duration: 2.1ms | Allocations: 581)
  Rendered layout layouts/application.html.erb (Duration: 20.8ms | Allocations: 2757)
Completed 200 OK in 39ms (Views: 26.4ms | ActiveRecord: 0.6ms | Allocations: 3730)


Started GET "/tickets" for 127.0.0.1 at 2023-11-27 11:02:46 -0500
Processing by TicketsController#index as HTML
  Rendering layout layouts/application.html.erb
  Rendering tickets/index.html.erb within layouts/application
  [1m[36mTicket Load (0.2ms)[0m  [1m[34mSELECT "tickets".* FROM "tickets"[0m
  ↳ app/views/tickets/index.html.erb:6
  Rendered tickets/_ticket.html.erb (Duration: 0.1ms | Allocations: 29)
  Rendered tickets/_ticket.html.erb (Duration: 0.1ms | Allocations: 28)
  Rendered tickets/index.html.erb within layouts/application (Duration: 4.6ms | Allocations: 1024)
  Rendered layout layouts/application.html.erb (Duration: 8.0ms | Allocations: 3221)
Completed 200 OK in 10ms (Views: 8.5ms | ActiveRecord: 0.2ms | Allocations: 3550)


Started GET "/tickets" for 127.0.0.1 at 2023-11-27 11:06:34 -0500
Processing by TicketsController#index as HTML
  Rendering layout layouts/application.html.erb
  Rendering tickets/index.html.erb within layouts/application
  [1m[36mTicket Load (0.2ms)[0m  [1m[34mSELECT "tickets".* FROM "tickets"[0m
  ↳ app/views/tickets/index.html.erb:6
  Rendered tickets/_ticket.html.erb (Duration: 0.1ms | Allocations: 29)
  Rendered tickets/_ticket.html.erb (Duration: 0.1ms | Allocations: 28)
  Rendered tickets/index.html.erb within layouts/application (Duration: 21.5ms | Allocations: 897)
  Rendered layout layouts/application.html.erb (Duration: 25.8ms | Allocations: 3111)
Completed 200 OK in 38ms (Views: 37.5ms | ActiveRecord: 0.2ms | Allocations: 3438)


Started GET "/tickets" for 127.0.0.1 at 2023-11-27 11:10:48 -0500
  [1m[36mActiveRecord::SchemaMigration Pluck (0.1ms)[0m  [1m[34mSELECT "schema_migrations"."version" FROM "schema_migrations" ORDER BY "schema_migrations"."version" ASC[0m
Processing by TicketsController#index as HTML
  Rendering layout layouts/application.html.erb
  Rendering tickets/index.html.erb within layouts/application
  [1m[36mTicket Load (0.2ms)[0m  [1m[34mSELECT "tickets".* FROM "tickets"[0m
  ↳ app/views/tickets/index.html.erb:6
  Rendered tickets/_ticket.html.erb (Duration: 0.7ms | Allocations: 423)
  Rendered tickets/_ticket.html.erb (Duration: 0.1ms | Allocations: 28)
  Rendered tickets/index.html.erb within layouts/application (Duration: 63.5ms | Allocations: 20237)
  Rendered layout layouts/application.html.erb (Duration: 145.8ms | Allocations: 54253)
Completed 200 OK in 161ms (Views: 148.0ms | ActiveRecord: 0.8ms | Allocations: 61877)


Started GET "/tickets" for 127.0.0.1 at 2023-11-27 12:29:44 -0500
Processing by TicketsController#index as HTML
  Rendering layout layouts/application.html.erb
  Rendering tickets/index.html.erb within layouts/application
  [1m[36mTicket Load (0.1ms)[0m  [1m[34mSELECT "tickets".* FROM "tickets"[0m
  ↳ app/views/tickets/index.html.erb:6
  Rendered tickets/_ticket.html.erb (Duration: 6.5ms | Allocations: 315)
  Rendered tickets/_ticket.html.erb (Duration: 0.1ms | Allocations: 28)
  Rendered tickets/index.html.erb within layouts/application (Duration: 12.5ms | Allocations: 2055)
  Rendered layout layouts/application.html.erb (Duration: 27.1ms | Allocations: 4686)
Completed 200 OK in 34ms (Views: 32.2ms | ActiveRecord: 0.4ms | Allocations: 5969)


Started GET "/tickets" for 127.0.0.1 at 2023-11-27 12:30:01 -0500
Processing by TicketsController#index as HTML
  Rendering layout layouts/application.html.erb
  Rendering tickets/index.html.erb within layouts/application
  [1m[36mTicket Load (0.1ms)[0m  [1m[34mSELECT "tickets".* FROM "tickets"[0m
  ↳ app/views/tickets/index.html.erb:6
  Rendered tickets/_ticket.html.erb (Duration: 0.6ms | Allocations: 315)
  Rendered tickets/_ticket.html.erb (Duration: 0.1ms | Allocations: 28)
  Rendered tickets/index.html.erb within layouts/application (Duration: 14.2ms | Allocations: 1848)
  Rendered layout layouts/application.html.erb (Duration: 23.2ms | Allocations: 4478)
Completed 200 OK in 31ms (Views: 29.0ms | ActiveRecord: 0.1ms | Allocations: 5716)


Started GET "/tickets" for 127.0.0.1 at 2023-11-27 20:27:49 -0500
Processing by TicketsController#index as HTML
  Rendering layout layouts/application.html.erb
  Rendering tickets/index.html.erb within layouts/application
  [1m[36mTicket Load (0.1ms)[0m  [1m[34mSELECT "tickets".* FROM "tickets"[0m
  ↳ app/views/tickets/index.html.erb:6
  Rendered tickets/_ticket.html.erb (Duration: 0.1ms | Allocations: 29)
  Rendered tickets/_ticket.html.erb (Duration: 0.1ms | Allocations: 28)
  Rendered tickets/index.html.erb within layouts/application (Duration: 8.6ms | Allocations: 1173)
  Rendered layout layouts/application.html.erb (Duration: 19.7ms | Allocations: 3371)
Completed 200 OK in 23ms (Views: 21.7ms | ActiveRecord: 0.5ms | Allocations: 3726)


Started GET "/tickets" for 127.0.0.1 at 2023-11-27 20:29:05 -0500
Processing by TicketsController#index as HTML
  Rendering layout layouts/application.html.erb
  Rendering tickets/index.html.erb within layouts/application
  [1m[36mTicket Load (0.1ms)[0m  [1m[34mSELECT "tickets".* FROM "tickets"[0m
  ↳ app/views/tickets/index.html.erb:6
  Rendered tickets/_ticket.html.erb (Duration: 6.5ms | Allocations: 316)
  Rendered tickets/_ticket.html.erb (Duration: 0.1ms | Allocations: 28)
  Rendered tickets/index.html.erb within layouts/application (Duration: 13.2ms | Allocations: 1852)
  Rendered layout layouts/application.html.erb (Duration: 25.0ms | Allocations: 4482)
Completed 200 OK in 36ms (Views: 34.8ms | ActiveRecord: 0.1ms | Allocations: 5700)


Started GET "/tickets/2" for 127.0.0.1 at 2023-11-27 20:29:16 -0500
Processing by TicketsController#show as HTML
  Parameters: {"id"=>"2"}
  [1m[36mTicket Load (0.2ms)[0m  [1m[34mSELECT "tickets".* FROM "tickets" WHERE "tickets"."id" = ? LIMIT ?[0m  [["id", 2], ["LIMIT", 1]]
  ↳ app/controllers/tickets_controller.rb:63:in `set_ticket'
  Rendering layout layouts/application.html.erb
  Rendering tickets/show.html.erb within layouts/application
  Rendered tickets/_ticket.html.erb (Duration: 6.5ms | Allocations: 38)
  Rendered tickets/show.html.erb within layouts/application (Duration: 8.2ms | Allocations: 995)
  Rendered layout layouts/application.html.erb (Duration: 15.9ms | Allocations: 3286)
Completed 200 OK in 38ms (Views: 16.7ms | ActiveRecord: 0.2ms | Allocations: 8079)


Started GET "/tickets" for 127.0.0.1 at 2023-11-27 20:32:15 -0500
Processing by TicketsController#index as HTML
  Rendering layout layouts/application.html.erb
  Rendering tickets/index.html.erb within layouts/application
  [1m[36mTicket Load (0.1ms)[0m  [1m[34mSELECT "tickets".* FROM "tickets"[0m
  ↳ app/views/tickets/index.html.erb:6
  Rendered tickets/_ticket.html.erb (Duration: 22.7ms | Allocations: 4612)
  Rendered tickets/index.html.erb within layouts/application (Duration: 33.2ms | Allocations: 5906)
  Rendered layout layouts/application.html.erb (Duration: 33.5ms | Allocations: 5984)
Completed 500 Internal Server Error in 48ms (ActiveRecord: 0.1ms | Allocations: 7199)


  
ActionView::Template::Error (undefined method `name' for nil:NilClass):
    1: <div id="<%= dom_id ticket %>">
    2:   <p>
    3:     <strong>Name:</strong>
    4:     <%=h @ticket.name %>
    5:   </p>
    6: 
    7:   <p>
  
app/views/tickets/_ticket.html.erb:4
app/views/tickets/index.html.erb:7
app/views/tickets/index.html.erb:6
Started GET "/tickets" for 127.0.0.1 at 2023-11-27 20:33:16 -0500
Processing by TicketsController#index as HTML
  Rendering layout layouts/application.html.erb
  Rendering tickets/index.html.erb within layouts/application
  [1m[36mTicket Load (0.1ms)[0m  [1m[34mSELECT "tickets".* FROM "tickets"[0m
  ↳ app/views/tickets/index.html.erb:6
  Rendered tickets/_ticket.html.erb (Duration: 1.1ms | Allocations: 325)
  Rendered tickets/_ticket.html.erb (Duration: 1.3ms | Allocations: 33)
  Rendered tickets/index.html.erb within layouts/application (Duration: 15.0ms | Allocations: 1861)
  Rendered layout layouts/application.html.erb (Duration: 44.7ms | Allocations: 4507)
Completed 200 OK in 51ms (Views: 50.2ms | ActiveRecord: 0.1ms | Allocations: 5739)


Started GET "/tickets" for 127.0.0.1 at 2023-11-27 20:39:53 -0500
Processing by TicketsController#index as HTML
  Rendering layout layouts/application.html.erb
  Rendering tickets/index.html.erb within layouts/application
  [1m[36mTicket Load (0.1ms)[0m  [1m[34mSELECT "tickets".* FROM "tickets"[0m
  ↳ app/views/tickets/index.html.erb:6
  Rendered tickets/_ticket.html.erb (Duration: 10.5ms | Allocations: 315)
  Rendered tickets/_ticket.html.erb (Duration: 0.1ms | Allocations: 28)
  Rendered tickets/index.html.erb within layouts/application (Duration: 22.2ms | Allocations: 2025)
  Rendered layout layouts/application.html.erb (Duration: 32.6ms | Allocations: 4655)
Completed 200 OK in 53ms (Views: 50.5ms | ActiveRecord: 0.4ms | Allocations: 5897)


Started GET "/tickets" for 127.0.0.1 at 2023-11-27 23:25:11 -0500
  [1m[36mActiveRecord::SchemaMigration Pluck (0.1ms)[0m  [1m[34mSELECT "schema_migrations"."version" FROM "schema_migrations" ORDER BY "schema_migrations"."version" ASC[0m
Processing by TicketsController#index as HTML
  Rendering layout layouts/application.html.erb
  Rendering tickets/index.html.erb within layouts/application
  [1m[36mTicket Load (0.2ms)[0m  [1m[34mSELECT "tickets".* FROM "tickets"[0m
  ↳ app/views/tickets/index.html.erb:6
  Rendered tickets/_ticket.html.erb (Duration: 1.8ms | Allocations: 420)
  Rendered tickets/_ticket.html.erb (Duration: 0.1ms | Allocations: 28)
  Rendered tickets/index.html.erb within layouts/application (Duration: 46.0ms | Allocations: 20236)
  Rendered layout layouts/application.html.erb (Duration: 134.4ms | Allocations: 54240)
Completed 200 OK in 154ms (Views: 144.2ms | ActiveRecord: 0.8ms | Allocations: 61864)


  [1m[36mActiveRecord::SchemaMigration Pluck (0.1ms)[0m  [1m[34mSELECT "schema_migrations"."version" FROM "schema_migrations" ORDER BY "schema_migrations"."version" ASC[0m
Migrating to AddPhoneToTickets (20231128042826)
  [1m[36mTRANSACTION (0.1ms)[0m  [1m[36mbegin transaction[0m
  [1m[35m (0.4ms)[0m  [1m[35mALTER TABLE "tickets" ADD "phone" varchar[0m
  [1m[36mActiveRecord::SchemaMigration Create (38.7ms)[0m  [1m[32mINSERT INTO "schema_migrations" ("version") VALUES (?)[0m  [["version", "20231128042826"]]
  [1m[36mTRANSACTION (2.9ms)[0m  [1m[36mcommit transaction[0m
  [1m[36mActiveRecord::InternalMetadata Load (0.1ms)[0m  [1m[34mSELECT "ar_internal_metadata".* FROM "ar_internal_metadata" WHERE "ar_internal_metadata"."key" = ? LIMIT ?[0m  [["key", "environment"], ["LIMIT", 1]]
  [1m[36mActiveRecord::SchemaMigration Pluck (0.1ms)[0m  [1m[34mSELECT "schema_migrations"."version" FROM "schema_migrations" ORDER BY "schema_migrations"."version" ASC[0m
  [1m[36mActiveRecord::SchemaMigration Pluck (0.1ms)[0m  [1m[34mSELECT "schema_migrations"."version" FROM "schema_migrations" ORDER BY "schema_migrations"."version" ASC[0m
  [1m[36mActiveRecord::InternalMetadata Load (0.1ms)[0m  [1m[34mSELECT "ar_internal_metadata".* FROM "ar_internal_metadata" WHERE "ar_internal_metadata"."key" = ? LIMIT ?[0m  [["key", "environment"], ["LIMIT", 1]]
  [1m[36mActiveRecord::SchemaMigration Pluck (0.1ms)[0m  [1m[34mSELECT "schema_migrations"."version" FROM "schema_migrations" ORDER BY "schema_migrations"."version" ASC[0m
Started GET "/tickets" for 127.0.0.1 at 2023-11-28 00:05:52 -0500
  [1m[36mActiveRecord::SchemaMigration Pluck (0.1ms)[0m  [1m[34mSELECT "schema_migrations"."version" FROM "schema_migrations" ORDER BY "schema_migrations"."version" ASC[0m
Processing by TicketsController#index as HTML
  Rendering layout layouts/application.html.erb
  Rendering tickets/index.html.erb within layouts/application
  [1m[36mTicket Load (0.2ms)[0m  [1m[34mSELECT "tickets".* FROM "tickets"[0m
  ↳ app/views/tickets/index.html.erb:6
  Rendered tickets/_ticket.html.erb (Duration: 5.7ms | Allocations: 420)
  Rendered tickets/_ticket.html.erb (Duration: 0.1ms | Allocations: 28)
  Rendered tickets/index.html.erb within layouts/application (Duration: 74.4ms | Allocations: 20767)
  Rendered layout layouts/application.html.erb (Duration: 193.5ms | Allocations: 54749)
Completed 200 OK in 210ms (Views: 200.6ms | ActiveRecord: 0.7ms | Allocations: 62371)


Started GET "/tickets/new" for 127.0.0.1 at 2023-11-28 00:05:59 -0500
Processing by TicketsController#new as HTML
  Rendering layout layouts/application.html.erb
  Rendering tickets/new.html.erb within layouts/application
  Rendered tickets/_form.html.erb (Duration: 23.3ms | Allocations: 3927)
  Rendered tickets/new.html.erb within layouts/application (Duration: 24.4ms | Allocations: 4292)
  Rendered layout layouts/application.html.erb (Duration: 45.1ms | Allocations: 6633)
Completed 200 OK in 55ms (Views: 48.6ms | ActiveRecord: 0.0ms | Allocations: 7155)


Started GET "/tickets/2" for 127.0.0.1 at 2023-11-28 00:06:04 -0500
Processing by TicketsController#show as HTML
  Parameters: {"id"=>"2"}
  [1m[36mTicket Load (0.2ms)[0m  [1m[34mSELECT "tickets".* FROM "tickets" WHERE "tickets"."id" = ? LIMIT ?[0m  [["id", 2], ["LIMIT", 1]]
  ↳ app/controllers/tickets_controller.rb:63:in `set_ticket'
  Rendering layout layouts/application.html.erb
  Rendering tickets/show.html.erb within layouts/application
  Rendered tickets/_ticket.html.erb (Duration: 0.1ms | Allocations: 38)
  Rendered tickets/show.html.erb within layouts/application (Duration: 3.2ms | Allocations: 967)
  Rendered layout layouts/application.html.erb (Duration: 15.4ms | Allocations: 3258)
Completed 200 OK in 26ms (Views: 16.9ms | ActiveRecord: 0.2ms | Allocations: 6411)


Started GET "/tickets/2/edit" for 127.0.0.1 at 2023-11-28 00:06:08 -0500
Processing by TicketsController#edit as HTML
  Parameters: {"id"=>"2"}
  [1m[36mTicket Load (0.1ms)[0m  [1m[34mSELECT "tickets".* FROM "tickets" WHERE "tickets"."id" = ? LIMIT ?[0m  [["id", 2], ["LIMIT", 1]]
  ↳ app/controllers/tickets_controller.rb:63:in `set_ticket'
  Rendering layout layouts/application.html.erb
  Rendering tickets/edit.html.erb within layouts/application
  Rendered tickets/_form.html.erb (Duration: 2.7ms | Allocations: 1842)
  Rendered tickets/edit.html.erb within layouts/application (Duration: 10.5ms | Allocations: 2149)
  Rendered layout layouts/application.html.erb (Duration: 25.7ms | Allocations: 4326)
Completed 200 OK in 34ms (Views: 31.4ms | ActiveRecord: 0.1ms | Allocations: 5165)


Started GET "/tickets/2" for 127.0.0.1 at 2023-11-28 00:08:07 -0500
Processing by TicketsController#show as HTML
  Parameters: {"id"=>"2"}
  [1m[36mTicket Load (0.6ms)[0m  [1m[34mSELECT "tickets".* FROM "tickets" WHERE "tickets"."id" = ? LIMIT ?[0m  [["id", 2], ["LIMIT", 1]]
  ↳ app/controllers/tickets_controller.rb:63:in `set_ticket'
  Rendering layout layouts/application.html.erb
  Rendering tickets/show.html.erb within layouts/application
  Rendered tickets/_ticket.html.erb (Duration: 2.9ms | Allocations: 315)
  Rendered tickets/show.html.erb within layouts/application (Duration: 6.7ms | Allocations: 1338)
  Rendered layout layouts/application.html.erb (Duration: 30.3ms | Allocations: 3930)
Completed 200 OK in 60ms (Views: 52.5ms | ActiveRecord: 0.6ms | Allocations: 5610)


Started GET "/tickets/2/edit" for 127.0.0.1 at 2023-11-28 00:08:08 -0500
Processing by TicketsController#edit as HTML
  Parameters: {"id"=>"2"}
  [1m[36mTicket Load (0.1ms)[0m  [1m[34mSELECT "tickets".* FROM "tickets" WHERE "tickets"."id" = ? LIMIT ?[0m  [["id", 2], ["LIMIT", 1]]
  ↳ app/controllers/tickets_controller.rb:63:in `set_ticket'
  Rendering layout layouts/application.html.erb
  Rendering tickets/edit.html.erb within layouts/application
  Rendered tickets/_form.html.erb (Duration: 19.5ms | Allocations: 2678)
  Rendered tickets/edit.html.erb within layouts/application (Duration: 35.7ms | Allocations: 3036)
  Rendered layout layouts/application.html.erb (Duration: 41.1ms | Allocations: 5212)
Completed 200 OK in 57ms (Views: 50.2ms | ActiveRecord: 0.1ms | Allocations: 6113)


Started GET "/tickets" for 127.0.0.1 at 2023-11-28 00:15:36 -0500
Processing by TicketsController#index as HTML
  Rendering layout layouts/application.html.erb
  Rendering tickets/index.html.erb within layouts/application
  [1m[36mTicket Load (0.1ms)[0m  [1m[34mSELECT "tickets".* FROM "tickets"[0m
  ↳ app/views/tickets/index.html.erb:6
  Rendered tickets/_ticket.html.erb (Duration: 2.3ms | Allocations: 347)
  Rendered tickets/_ticket.html.erb (Duration: 0.1ms | Allocations: 28)
  Rendered tickets/index.html.erb within layouts/application (Duration: 16.6ms | Allocations: 2087)
  Rendered layout layouts/application.html.erb (Duration: 25.4ms | Allocations: 4717)
Completed 200 OK in 34ms (Views: 32.1ms | ActiveRecord: 0.5ms | Allocations: 5937)


Started GET "/tickets/2" for 127.0.0.1 at 2023-11-28 00:15:40 -0500
Processing by TicketsController#show as HTML
  Parameters: {"id"=>"2"}
  [1m[36mTicket Load (0.3ms)[0m  [1m[34mSELECT "tickets".* FROM "tickets" WHERE "tickets"."id" = ? LIMIT ?[0m  [["id", 2], ["LIMIT", 1]]
  ↳ app/controllers/tickets_controller.rb:63:in `set_ticket'
  Rendering layout layouts/application.html.erb
  Rendering tickets/show.html.erb within layouts/application
  Rendered tickets/_ticket.html.erb (Duration: 0.1ms | Allocations: 29)
  Rendered tickets/show.html.erb within layouts/application (Duration: 2.3ms | Allocations: 796)
  Rendered layout layouts/application.html.erb (Duration: 6.4ms | Allocations: 2972)
Completed 200 OK in 19ms (Views: 9.5ms | ActiveRecord: 0.3ms | Allocations: 3896)


Started GET "/tickets/2/edit" for 127.0.0.1 at 2023-11-28 00:15:42 -0500
Processing by TicketsController#edit as HTML
  Parameters: {"id"=>"2"}
  [1m[36mTicket Load (0.1ms)[0m  [1m[34mSELECT "tickets".* FROM "tickets" WHERE "tickets"."id" = ? LIMIT ?[0m  [["id", 2], ["LIMIT", 1]]
  ↳ app/controllers/tickets_controller.rb:63:in `set_ticket'
  Rendering layout layouts/application.html.erb
  Rendering tickets/edit.html.erb within layouts/application
  Rendered tickets/_form.html.erb (Duration: 13.5ms | Allocations: 2626)
  Rendered tickets/edit.html.erb within layouts/application (Duration: 17.2ms | Allocations: 2984)
  Rendered layout layouts/application.html.erb (Duration: 22.1ms | Allocations: 5160)
Completed 200 OK in 32ms (Views: 30.1ms | ActiveRecord: 0.1ms | Allocations: 5976)


Started GET "/tickets/2" for 127.0.0.1 at 2023-11-28 00:15:45 -0500
Processing by TicketsController#show as HTML
  Parameters: {"id"=>"2"}
  [1m[36mTicket Load (0.1ms)[0m  [1m[34mSELECT "tickets".* FROM "tickets" WHERE "tickets"."id" = ? LIMIT ?[0m  [["id", 2], ["LIMIT", 1]]
  ↳ app/controllers/tickets_controller.rb:63:in `set_ticket'
  Rendering layout layouts/application.html.erb
  Rendering tickets/show.html.erb within layouts/application
  Rendered tickets/_ticket.html.erb (Duration: 0.1ms | Allocations: 29)
  Rendered tickets/show.html.erb within layouts/application (Duration: 4.1ms | Allocations: 579)
  Rendered layout layouts/application.html.erb (Duration: 30.7ms | Allocations: 2756)
Completed 200 OK in 50ms (Views: 43.6ms | ActiveRecord: 0.1ms | Allocations: 3519)


Started GET "/tickets" for 127.0.0.1 at 2023-11-28 00:15:50 -0500
Processing by TicketsController#index as HTML
  Rendering layout layouts/application.html.erb
  Rendering tickets/index.html.erb within layouts/application
  [1m[36mTicket Load (0.1ms)[0m  [1m[34mSELECT "tickets".* FROM "tickets"[0m
  ↳ app/views/tickets/index.html.erb:6
  Rendered tickets/_ticket.html.erb (Duration: 0.2ms | Allocations: 29)
  Rendered tickets/_ticket.html.erb (Duration: 0.1ms | Allocations: 28)
  Rendered tickets/index.html.erb within layouts/application (Duration: 31.3ms | Allocations: 987)
  Rendered layout layouts/application.html.erb (Duration: 55.6ms | Allocations: 3184)
Completed 200 OK in 68ms (Views: 64.8ms | ActiveRecord: 0.1ms | Allocations: 3515)


Started GET "/tickets/new" for 127.0.0.1 at 2023-11-28 00:15:52 -0500
Processing by TicketsController#new as HTML
  Rendering layout layouts/application.html.erb
  Rendering tickets/new.html.erb within layouts/application
  Rendered tickets/_form.html.erb (Duration: 11.3ms | Allocations: 1857)
  Rendered tickets/new.html.erb within layouts/application (Duration: 12.2ms | Allocations: 2106)
  Rendered layout layouts/application.html.erb (Duration: 19.2ms | Allocations: 4290)
Completed 200 OK in 23ms (Views: 20.3ms | ActiveRecord: 0.0ms | Allocations: 4682)


Started GET "/tickets" for 127.0.0.1 at 2023-11-28 00:15:55 -0500
Processing by TicketsController#index as HTML
  Rendering layout layouts/application.html.erb
  Rendering tickets/index.html.erb within layouts/application
  [1m[36mTicket Load (0.2ms)[0m  [1m[34mSELECT "tickets".* FROM "tickets"[0m
  ↳ app/views/tickets/index.html.erb:6
  Rendered tickets/_ticket.html.erb (Duration: 0.2ms | Allocations: 29)
  Rendered tickets/_ticket.html.erb (Duration: 0.2ms | Allocations: 28)
  Rendered tickets/index.html.erb within layouts/application (Duration: 31.7ms | Allocations: 993)
  Rendered layout layouts/application.html.erb (Duration: 50.2ms | Allocations: 3190)
Completed 200 OK in 64ms (Views: 62.8ms | ActiveRecord: 0.2ms | Allocations: 3519)


Started GET "/tickets" for 127.0.0.1 at 2023-11-28 00:22:24 -0500
Processing by TicketsController#index as HTML
  Rendering layout layouts/application.html.erb
  Rendering tickets/index.html.erb within layouts/application
  [1m[36mTicket Load (19.9ms)[0m  [1m[34mSELECT "tickets".* FROM "tickets"[0m
  ↳ app/views/tickets/index.html.erb:6
  Rendered tickets/_ticket.html.erb (Duration: 25.6ms | Allocations: 4209)
  Rendered tickets/index.html.erb within layouts/application (Duration: 64.5ms | Allocations: 5687)
  Rendered layout layouts/application.html.erb (Duration: 70.9ms | Allocations: 5765)
Completed 500 Internal Server Error in 86ms (ActiveRecord: 20.2ms | Allocations: 6969)


  
ActionView::SyntaxErrorInTemplate (Encountered a syntax error while rendering template: check <div id="<%= dom_id ticket %>">
  <th>
    <strong>Name:</strong>
    <%= ticket.name %>
  </th>

  <th>
    <strong>Seat #:</strong>
    <%= ticket.seat_id_seq %>
  </th>

  <th>
    <strong>Address:</strong>
  </th>

  <th>
    <strong>Price paid</strong>
  </th>  

  <th>
    <strong>Email address</strong>
  </th>
  
  <th>
    <strong>Phone:</strong>
  </th>

  <% for ticket in @tickets %>
    <tr>
      <td><%=h ticket.name %></td>
      <td><%=h ticket.seat_id_seq %></td>
      <td><%=h ticket.address %></td>
      <td><%=h ticket.price_paid %></td>
      <td><%=h ticket.email_address %></td>
      <td><%=h ticket.phone %></td>
      <td><%= link_to 'Show', ticket %></td>
    </tr>
</div>

):
1:    <div id="<%= dom_id ticket %>">
2:      <th>
3:        <strong>Name:</strong>
4:        <%= ticket.name %>
5:      </th>
6:    
7:      <th>
8:        <strong>Seat #:</strong>
9:        <%= ticket.seat_id_seq %>
10:      </th>
11:    
12:      <th>
13:        <strong>Address:</strong>
14:      </th>
15:    
16:      <th>
17:        <strong>Price paid</strong>
18:      </th>  
19:    
20:      <th>
21:        <strong>Email address</strong>
22:      </th>
23:      
24:      <th>
25:        <strong>Phone:</strong>
26:      </th>
27:    
28:      <% for ticket in @tickets %>
29:        <tr>
30:          <td><%=h ticket.name %></td>
31:          <td><%=h ticket.seat_id_seq %></td>
32:          <td><%=h ticket.address %></td>
33:          <td><%=h ticket.price_paid %></td>
34:          <td><%=h ticket.email_address %></td>
35:          <td><%=h ticket.phone %></td>
36:          <td><%= link_to 'Show', ticket %></td>
37:        </tr>
38:    </div>
  
app/views/tickets/_ticket.html.erb:41: syntax error, unexpected end-of-input, expecting `end'
app/views/tickets/_ticket.html.erb:41: syntax error, unexpected end-of-input, expecting `end'
app/views/tickets/_ticket.html.erb:41: syntax error, unexpected end-of-input, expecting `end'
app/views/tickets/_ticket.html.erb:41: syntax error, unexpected end-of-input, expecting `end'
app/views/tickets/index.html.erb:7
app/views/tickets/index.html.erb:6
Started GET "/tickets" for 127.0.0.1 at 2023-11-28 00:23:50 -0500
Processing by TicketsController#index as HTML
  Rendering layout layouts/application.html.erb
  Rendering tickets/index.html.erb within layouts/application
  [1m[36mTicket Load (0.1ms)[0m  [1m[34mSELECT "tickets".* FROM "tickets"[0m
  ↳ app/views/tickets/index.html.erb:6
  Rendered tickets/_ticket.html.erb (Duration: 1.7ms | Allocations: 1415)
  Rendered tickets/index.html.erb within layouts/application (Duration: 16.0ms | Allocations: 2690)
  Rendered layout layouts/application.html.erb (Duration: 16.2ms | Allocations: 2768)
Completed 500 Internal Server Error in 36ms (ActiveRecord: 0.1ms | Allocations: 3964)


  
ActionView::SyntaxErrorInTemplate (Encountered a syntax error while rendering template: check <div id="<%= dom_id ticket %>">
<tr>
  <th>
    <strong>Name:</strong>
    <%= ticket.name %>
  </th>

  <th>
    <strong>Seat #:</strong>
    <%= ticket.seat_id_seq %>
  </th>

  <th>
    <strong>Address:</strong>
  </th>

  <th>
    <strong>Price paid</strong>
  </th>  

  <th>
    <strong>Email address</strong>
  </th>
  
  <th>
    <strong>Phone:</strong>
  </th>
</tr>
  <% for ticket in @tickets %>
    <tr>
      <td><%=h ticket.name %></td>
      <td><%=h ticket.seat_id_seq %></td>
      <td><%=h ticket.address %></td>
      <td><%=h ticket.price_paid %></td>
      <td><%=h ticket.email_address %></td>
      <td><%=h ticket.phone %></td>
      <td><%= link_to 'Show', ticket %></td>
    </tr>
</div>

):
1:    <div id="<%= dom_id ticket %>">
2:    <tr>
3:      <th>
4:        <strong>Name:</strong>
5:        <%= ticket.name %>
6:      </th>
7:    
8:      <th>
9:        <strong>Seat #:</strong>
10:        <%= ticket.seat_id_seq %>
11:      </th>
12:    
13:      <th>
14:        <strong>Address:</strong>
15:      </th>
16:    
17:      <th>
18:        <strong>Price paid</strong>
19:      </th>  
20:    
21:      <th>
22:        <strong>Email address</strong>
23:      </th>
24:      
25:      <th>
26:        <strong>Phone:</strong>
27:      </th>
28:    </tr>
29:      <% for ticket in @tickets %>
30:        <tr>
31:          <td><%=h ticket.name %></td>
32:          <td><%=h ticket.seat_id_seq %></td>
33:          <td><%=h ticket.address %></td>
34:          <td><%=h ticket.price_paid %></td>
35:          <td><%=h ticket.email_address %></td>
36:          <td><%=h ticket.phone %></td>
37:          <td><%= link_to 'Show', ticket %></td>
38:        </tr>
39:    </div>
  
app/views/tickets/_ticket.html.erb:42: syntax error, unexpected end-of-input, expecting `end'
app/views/tickets/_ticket.html.erb:42: syntax error, unexpected end-of-input, expecting `end'
app/views/tickets/_ticket.html.erb:42: syntax error, unexpected end-of-input, expecting `end'
app/views/tickets/_ticket.html.erb:42: syntax error, unexpected end-of-input, expecting `end'
app/views/tickets/index.html.erb:7
app/views/tickets/index.html.erb:6
Started POST "/__web_console/repl_sessions/084683c40b8396cf2ccdb0df9f96c970/trace" for 127.0.0.1 at 2023-11-28 00:24:22 -0500
Started GET "/tickets" for 127.0.0.1 at 2023-11-28 00:28:52 -0500
Processing by TicketsController#index as HTML
  Rendering layout layouts/application.html.erb
  Rendering tickets/index.html.erb within layouts/application
  [1m[36mTicket Load (0.1ms)[0m  [1m[34mSELECT "tickets".* FROM "tickets"[0m
  ↳ app/views/tickets/index.html.erb:6
  Rendered tickets/_ticket.html.erb (Duration: 2.6ms | Allocations: 1365)
  Rendered tickets/index.html.erb within layouts/application (Duration: 21.7ms | Allocations: 2640)
  Rendered layout layouts/application.html.erb (Duration: 23.7ms | Allocations: 2718)
Completed 500 Internal Server Error in 39ms (ActiveRecord: 0.1ms | Allocations: 3952)


  
ActionView::SyntaxErrorInTemplate (Encountered a syntax error while rendering template: check <div id="<%= dom_id ticket %>">
  <tr>
    <th>Name</th>
    <th>Seat #</th>
    <th>Address</th>
    <th>Price paid</th>  
    <th>Email</th>
    <th>Phone</th>
  </tr>
  <% for ticket in @tickets %>
    <tr>
      <td><%=h ticket.name %></td>
      <td><%=h ticket.seat_id_seq %></td>
      <td><%=h ticket.address %></td>
      <td><%=h ticket.price_paid %></td>
      <td><%=h ticket.email_address %></td>
      <td><%=h ticket.phone %></td>
      <td><%= link_to 'Show', ticket %></td>
    </tr>
</div>

):
1:    <div id="<%= dom_id ticket %>">
2:      <tr>
3:        <th>Name</th>
4:        <th>Seat #</th>
5:        <th>Address</th>
6:        <th>Price paid</th>  
7:        <th>Email</th>
8:        <th>Phone</th>
9:      </tr>
10:      <% for ticket in @tickets %>
11:        <tr>
12:          <td><%=h ticket.name %></td>
13:          <td><%=h ticket.seat_id_seq %></td>
14:          <td><%=h ticket.address %></td>
15:          <td><%=h ticket.price_paid %></td>
16:          <td><%=h ticket.email_address %></td>
17:          <td><%=h ticket.phone %></td>
18:          <td><%= link_to 'Show', ticket %></td>
19:        </tr>
20:    </div>
  
app/views/tickets/_ticket.html.erb:23: syntax error, unexpected end-of-input, expecting `end'
app/views/tickets/_ticket.html.erb:23: syntax error, unexpected end-of-input, expecting `end'
app/views/tickets/_ticket.html.erb:23: syntax error, unexpected end-of-input, expecting `end'
app/views/tickets/_ticket.html.erb:23: syntax error, unexpected end-of-input, expecting `end'
app/views/tickets/index.html.erb:7
app/views/tickets/index.html.erb:6
Started GET "/tickets" for 127.0.0.1 at 2023-11-28 00:31:17 -0500
Processing by TicketsController#index as HTML
  Rendering layout layouts/application.html.erb
  Rendering tickets/index.html.erb within layouts/application
  [1m[36mTicket Load (0.1ms)[0m  [1m[34mSELECT "tickets".* FROM "tickets"[0m
  ↳ app/views/tickets/index.html.erb:6
  Rendered tickets/_ticket.html.erb (Duration: 0.8ms | Allocations: 315)
  Rendered tickets/_ticket.html.erb (Duration: 0.1ms | Allocations: 28)
  Rendered tickets/index.html.erb within layouts/application (Duration: 12.1ms | Allocations: 1855)
  Rendered layout layouts/application.html.erb (Duration: 24.5ms | Allocations: 4502)
Completed 200 OK in 52ms (Views: 36.1ms | ActiveRecord: 0.1ms | Allocations: 5732)


  [1m[36mActiveRecord::SchemaMigration Pluck (0.1ms)[0m  [1m[34mSELECT "schema_migrations"."version" FROM "schema_migrations" ORDER BY "schema_migrations"."version" ASC[0m
Migrating to CreateEvents (20231128054335)
  [1m[36mTRANSACTION (0.1ms)[0m  [1m[36mbegin transaction[0m
  [1m[35m (0.2ms)[0m  [1m[35mCREATE TABLE "events" ("id" integer PRIMARY KEY AUTOINCREMENT NOT NULL, "artist" varchar, "description" text, "price_low" decimal, "price_high" decimal, "event_date" date, "created_at" datetime(6) NOT NULL, "updated_at" datetime(6) NOT NULL)[0m
  [1m[36mActiveRecord::SchemaMigration Create (0.2ms)[0m  [1m[32mINSERT INTO "schema_migrations" ("version") VALUES (?)[0m  [["version", "20231128054335"]]
  [1m[36mTRANSACTION (6.8ms)[0m  [1m[36mcommit transaction[0m
  [1m[36mActiveRecord::InternalMetadata Load (0.2ms)[0m  [1m[34mSELECT "ar_internal_metadata".* FROM "ar_internal_metadata" WHERE "ar_internal_metadata"."key" = ? LIMIT ?[0m  [["key", "environment"], ["LIMIT", 1]]
  [1m[36mActiveRecord::SchemaMigration Pluck (0.1ms)[0m  [1m[34mSELECT "schema_migrations"."version" FROM "schema_migrations" ORDER BY "schema_migrations"."version" ASC[0m
Started GET "/events" for 127.0.0.1 at 2023-11-28 00:45:18 -0500
  [1m[36mActiveRecord::SchemaMigration Pluck (0.1ms)[0m  [1m[34mSELECT "schema_migrations"."version" FROM "schema_migrations" ORDER BY "schema_migrations"."version" ASC[0m
Processing by EventsController#index as HTML
  Rendering layout layouts/application.html.erb
  Rendering events/index.html.erb within layouts/application
  [1m[36mEvent Load (0.2ms)[0m  [1m[34mSELECT "events".* FROM "events"[0m
  ↳ app/views/events/index.html.erb:6
  Rendered events/index.html.erb within layouts/application (Duration: 2.3ms | Allocations: 1272)
  Rendered layout layouts/application.html.erb (Duration: 31.6ms | Allocations: 15348)
Completed 200 OK in 40ms (Views: 33.2ms | ActiveRecord: 0.2ms | Allocations: 17442)


Started GET "/events/new" for 127.0.0.1 at 2023-11-28 00:45:21 -0500
Processing by EventsController#new as HTML
  Rendering layout layouts/application.html.erb
  Rendering events/new.html.erb within layouts/application
  Rendered events/_form.html.erb (Duration: 19.9ms | Allocations: 3024)
  Rendered events/new.html.erb within layouts/application (Duration: 20.8ms | Allocations: 3358)
  Rendered layout layouts/application.html.erb (Duration: 24.7ms | Allocations: 5662)
Completed 200 OK in 55ms (Views: 29.7ms | ActiveRecord: 0.5ms | Allocations: 21511)


Started GET "/events/new" for 127.0.0.1 at 2023-11-28 00:50:29 -0500
Processing by EventsController#new as HTML
  Rendering layout layouts/application.html.erb
  Rendering events/new.html.erb within layouts/application
  Rendered events/_form.html.erb (Duration: 24.9ms | Allocations: 2392)
  Rendered events/new.html.erb within layouts/application (Duration: 42.8ms | Allocations: 2742)
  Rendered layout layouts/application.html.erb (Duration: 54.3ms | Allocations: 5345)
Completed 200 OK in 72ms (Views: 70.1ms | ActiveRecord: 0.0ms | Allocations: 6604)


Started GET "/events/new" for 127.0.0.1 at 2023-11-28 00:50:32 -0500
Processing by EventsController#new as HTML
  Rendering layout layouts/application.html.erb
  Rendering events/new.html.erb within layouts/application
  Rendered events/_form.html.erb (Duration: 4.7ms | Allocations: 1639)
  Rendered events/new.html.erb within layouts/application (Duration: 20.1ms | Allocations: 1724)
  Rendered layout layouts/application.html.erb (Duration: 27.1ms | Allocations: 3908)
Completed 200 OK in 39ms (Views: 38.6ms | ActiveRecord: 0.0ms | Allocations: 4264)


Started GET "/events" for 127.0.0.1 at 2023-11-28 00:50:36 -0500
Processing by EventsController#index as HTML
  Rendering layout layouts/application.html.erb
  Rendering events/index.html.erb within layouts/application
  [1m[36mEvent Load (0.1ms)[0m  [1m[34mSELECT "events".* FROM "events"[0m
  ↳ app/views/events/index.html.erb:6
  Rendered events/index.html.erb within layouts/application (Duration: 14.8ms | Allocations: 1010)
  Rendered layout layouts/application.html.erb (Duration: 25.0ms | Allocations: 3207)
Completed 200 OK in 30ms (Views: 27.5ms | ActiveRecord: 0.1ms | Allocations: 3615)


Started GET "/events" for 127.0.0.1 at 2023-11-28 00:50:52 -0500
Processing by EventsController#index as HTML
  Rendering layout layouts/application.html.erb
  Rendering events/index.html.erb within layouts/application
  [1m[36mEvent Load (0.1ms)[0m  [1m[34mSELECT "events".* FROM "events"[0m
  ↳ app/views/events/index.html.erb:6
  Rendered events/index.html.erb within layouts/application (Duration: 8.6ms | Allocations: 1166)
  Rendered layout layouts/application.html.erb (Duration: 25.4ms | Allocations: 3797)
Completed 200 OK in 45ms (Views: 44.4ms | ActiveRecord: 0.1ms | Allocations: 5017)


Started GET "/events/new" for 127.0.0.1 at 2023-11-28 00:50:53 -0500
Processing by EventsController#new as HTML
  Rendering layout layouts/application.html.erb
  Rendering events/new.html.erb within layouts/application
  Rendered events/_form.html.erb (Duration: 9.9ms | Allocations: 2598)
  Rendered events/new.html.erb within layouts/application (Duration: 16.8ms | Allocations: 2907)
  Rendered layout layouts/application.html.erb (Duration: 25.4ms | Allocations: 5091)
Completed 200 OK in 29ms (Views: 28.0ms | ActiveRecord: 0.0ms | Allocations: 5502)


Started POST "/events" for 127.0.0.1 at 2023-11-28 00:53:07 -0500
Processing by EventsController#create as TURBO_STREAM
  Parameters: {"authenticity_token"=>"[FILTERED]", "event"=>{"artist"=>"Dua Lupa", "description"=>"Sexy female singer, Disco Pop music", "price_from"=>"100", "to"=>"500", "date"=>"2023-02-24"}, "commit"=>"Create Event"}
[31mUnpermitted parameters: :price_from, :to, :date. Context: { controller: EventsController, action: create, request: #<ActionDispatch::Request:0x00007f32e2b4a908>, params: {"authenticity_token"=>"[FILTERED]", "event"=>{"artist"=>"Dua Lupa", "description"=>"Sexy female singer, Disco Pop music", "price_from"=>"100", "to"=>"500", "date"=>"2023-02-24"}, "commit"=>"Create Event", "controller"=>"events", "action"=>"create"} }[0m
  [1m[36mTRANSACTION (0.1ms)[0m  [1m[36mbegin transaction[0m
  ↳ app/controllers/events_controller.rb:27:in `block in create'
  [1m[36mEvent Create (0.3ms)[0m  [1m[32mINSERT INTO "events" ("artist", "description", "price_low", "price_high", "event_date", "created_at", "updated_at") VALUES (?, ?, ?, ?, ?, ?, ?)[0m  [["artist", "Dua Lupa"], ["description", "Sexy female singer, Disco Pop music"], ["price_low", nil], ["price_high", nil], ["event_date", nil], ["created_at", "2023-11-28 05:53:07.339006"], ["updated_at", "2023-11-28 05:53:07.339006"]]
  ↳ app/controllers/events_controller.rb:27:in `block in create'
  [1m[36mTRANSACTION (3.0ms)[0m  [1m[36mcommit transaction[0m
  ↳ app/controllers/events_controller.rb:27:in `block in create'
Redirected to http://localhost:3000/events/1
Completed 302 Found in 18ms (ActiveRecord: 3.4ms | Allocations: 4021)


Started GET "/events/1" for 127.0.0.1 at 2023-11-28 00:53:07 -0500
Processing by EventsController#show as TURBO_STREAM
  Parameters: {"id"=>"1"}
  [1m[36mEvent Load (0.2ms)[0m  [1m[34mSELECT "events".* FROM "events" WHERE "events"."id" = ? LIMIT ?[0m  [["id", 1], ["LIMIT", 1]]
  ↳ app/controllers/events_controller.rb:63:in `set_event'
  Rendering layout layouts/application.html.erb
  Rendering events/show.html.erb within layouts/application
  Rendered events/_event.html.erb (Duration: 6.0ms | Allocations: 307)
  Rendered events/show.html.erb within layouts/application (Duration: 8.6ms | Allocations: 1293)
  Rendered layout layouts/application.html.erb (Duration: 12.3ms | Allocations: 3469)
Completed 200 OK in 15ms (Views: 12.8ms | ActiveRecord: 0.2ms | Allocations: 5036)


Started GET "/events/1" for 127.0.0.1 at 2023-11-28 00:54:28 -0500
Processing by EventsController#show as HTML
  Parameters: {"id"=>"1"}
  [1m[36mEvent Load (0.1ms)[0m  [1m[34mSELECT "events".* FROM "events" WHERE "events"."id" = ? LIMIT ?[0m  [["id", 1], ["LIMIT", 1]]
  ↳ app/controllers/events_controller.rb:63:in `set_event'
  Rendering layout layouts/application.html.erb
  Rendering events/show.html.erb within layouts/application
  Rendered events/_event.html.erb (Duration: 0.9ms | Allocations: 304)
  Rendered events/show.html.erb within layouts/application (Duration: 2.9ms | Allocations: 1339)
  Rendered layout layouts/application.html.erb (Duration: 14.8ms | Allocations: 3930)
Completed 200 OK in 41ms (Views: 31.5ms | ActiveRecord: 0.1ms | Allocations: 5584)


Started DELETE "/events/1" for 127.0.0.1 at 2023-11-28 00:54:36 -0500
Processing by EventsController#destroy as TURBO_STREAM
  Parameters: {"authenticity_token"=>"[FILTERED]", "id"=>"1"}
  [1m[36mEvent Load (0.1ms)[0m  [1m[34mSELECT "events".* FROM "events" WHERE "events"."id" = ? LIMIT ?[0m  [["id", 1], ["LIMIT", 1]]
  ↳ app/controllers/events_controller.rb:63:in `set_event'
  [1m[36mTRANSACTION (0.1ms)[0m  [1m[36mbegin transaction[0m
  ↳ app/controllers/events_controller.rb:52:in `destroy'
  [1m[36mEvent Destroy (0.2ms)[0m  [1m[31mDELETE FROM "events" WHERE "events"."id" = ?[0m  [["id", 1]]
  ↳ app/controllers/events_controller.rb:52:in `destroy'
  [1m[36mTRANSACTION (10.7ms)[0m  [1m[36mcommit transaction[0m
  ↳ app/controllers/events_controller.rb:52:in `destroy'
Redirected to http://localhost:3000/events
Completed 302 Found in 27ms (ActiveRecord: 11.1ms | Allocations: 2469)


Started GET "/events" for 127.0.0.1 at 2023-11-28 00:54:36 -0500
Processing by EventsController#index as TURBO_STREAM
  Rendering layout layouts/application.html.erb
  Rendering events/index.html.erb within layouts/application
  [1m[36mEvent Load (0.1ms)[0m  [1m[34mSELECT "events".* FROM "events"[0m
  ↳ app/views/events/index.html.erb:6
  Rendered events/index.html.erb within layouts/application (Duration: 2.4ms | Allocations: 1006)
  Rendered layout layouts/application.html.erb (Duration: 5.7ms | Allocations: 3203)
Completed 200 OK in 7ms (Views: 6.1ms | ActiveRecord: 0.1ms | Allocations: 3675)


Started GET "/events/new" for 127.0.0.1 at 2023-11-28 00:54:37 -0500
Processing by EventsController#new as HTML
  Rendering layout layouts/application.html.erb
  Rendering events/new.html.erb within layouts/application
  Rendered events/_form.html.erb (Duration: 6.7ms | Allocations: 2264)
  Rendered events/new.html.erb within layouts/application (Duration: 16.2ms | Allocations: 2573)
  Rendered layout layouts/application.html.erb (Duration: 20.8ms | Allocations: 4774)
Completed 200 OK in 34ms (Views: 28.3ms | ActiveRecord: 0.0ms | Allocations: 5167)


Started POST "/events" for 127.0.0.1 at 2023-11-28 00:55:00 -0500
Processing by EventsController#create as TURBO_STREAM
  Parameters: {"authenticity_token"=>"[FILTERED]", "event"=>{"artist"=>"Dua", "description"=>"Sexy female singer, Disco Pop music", "price_low"=>"100", "price_high"=>"500", "event_date"=>"2024-02-24"}, "commit"=>"Create Event"}
  [1m[36mTRANSACTION (0.2ms)[0m  [1m[36mbegin transaction[0m
  ↳ app/controllers/events_controller.rb:27:in `block in create'
  [1m[36mEvent Create (0.3ms)[0m  [1m[32mINSERT INTO "events" ("artist", "description", "price_low", "price_high", "event_date", "created_at", "updated_at") VALUES (?, ?, ?, ?, ?, ?, ?)[0m  [["artist", "Dua"], ["description", "Sexy female singer, Disco Pop music"], ["price_low", 100.0], ["price_high", 500.0], ["event_date", "2024-02-24"], ["created_at", "2023-11-28 05:55:00.872992"], ["updated_at", "2023-11-28 05:55:00.872992"]]
  ↳ app/controllers/events_controller.rb:27:in `block in create'
  [1m[36mTRANSACTION (3.4ms)[0m  [1m[36mcommit transaction[0m
  ↳ app/controllers/events_controller.rb:27:in `block in create'
Redirected to http://localhost:3000/events/2
Completed 302 Found in 18ms (ActiveRecord: 3.9ms | Allocations: 2353)


Started GET "/events/2" for 127.0.0.1 at 2023-11-28 00:55:00 -0500
Processing by EventsController#show as TURBO_STREAM
  Parameters: {"id"=>"2"}
  [1m[36mEvent Load (0.1ms)[0m  [1m[34mSELECT "events".* FROM "events" WHERE "events"."id" = ? LIMIT ?[0m  [["id", 2], ["LIMIT", 1]]
  ↳ app/controllers/events_controller.rb:63:in `set_event'
  Rendering layout layouts/application.html.erb
  Rendering events/show.html.erb within layouts/application
  Rendered events/_event.html.erb (Duration: 0.2ms | Allocations: 40)
  Rendered events/show.html.erb within layouts/application (Duration: 1.8ms | Allocations: 648)
  Rendered layout layouts/application.html.erb (Duration: 6.3ms | Allocations: 2824)
Completed 200 OK in 9ms (Views: 7.0ms | ActiveRecord: 0.1ms | Allocations: 3590)


Started GET "/events/2/edit" for 127.0.0.1 at 2023-11-28 00:55:16 -0500
Processing by EventsController#edit as HTML
  Parameters: {"id"=>"2"}
  [1m[36mEvent Load (0.2ms)[0m  [1m[34mSELECT "events".* FROM "events" WHERE "events"."id" = ? LIMIT ?[0m  [["id", 2], ["LIMIT", 1]]
  ↳ app/controllers/events_controller.rb:63:in `set_event'
  Rendering layout layouts/application.html.erb
  Rendering events/edit.html.erb within layouts/application
  Rendered events/_form.html.erb (Duration: 9.4ms | Allocations: 1751)
  Rendered events/edit.html.erb within layouts/application (Duration: 11.1ms | Allocations: 2054)
  Rendered layout layouts/application.html.erb (Duration: 16.7ms | Allocations: 4230)
Completed 200 OK in 33ms (Views: 21.0ms | ActiveRecord: 0.2ms | Allocations: 5046)


Started GET "/events/2" for 127.0.0.1 at 2023-11-28 00:55:21 -0500
Processing by EventsController#show as HTML
  Parameters: {"id"=>"2"}
  [1m[36mEvent Load (2.1ms)[0m  [1m[34mSELECT "events".* FROM "events" WHERE "events"."id" = ? LIMIT ?[0m  [["id", 2], ["LIMIT", 1]]
  ↳ app/controllers/events_controller.rb:63:in `set_event'
  Rendering layout layouts/application.html.erb
  Rendering events/show.html.erb within layouts/application
  Rendered events/_event.html.erb (Duration: 0.1ms | Allocations: 39)
  Rendered events/show.html.erb within layouts/application (Duration: 3.1ms | Allocations: 591)
  Rendered layout layouts/application.html.erb (Duration: 16.9ms | Allocations: 2767)
Completed 200 OK in 43ms (Views: 29.9ms | ActiveRecord: 2.1ms | Allocations: 3529)


Started GET "/events" for 127.0.0.1 at 2023-11-28 00:55:26 -0500
Processing by EventsController#index as HTML
  Rendering layout layouts/application.html.erb
  Rendering events/index.html.erb within layouts/application
  [1m[36mEvent Load (0.2ms)[0m  [1m[34mSELECT "events".* FROM "events"[0m
  ↳ app/views/events/index.html.erb:6
  Rendered events/_event.html.erb (Duration: 0.2ms | Allocations: 39)
  Rendered events/index.html.erb within layouts/application (Duration: 10.5ms | Allocations: 865)
  Rendered layout layouts/application.html.erb (Duration: 16.4ms | Allocations: 3062)
Completed 200 OK in 20ms (Views: 19.2ms | ActiveRecord: 0.2ms | Allocations: 3391)


Started GET "/events/2" for 127.0.0.1 at 2023-11-28 00:55:33 -0500
Processing by EventsController#show as HTML
  Parameters: {"id"=>"2"}
  [1m[36mEvent Load (2.9ms)[0m  [1m[34mSELECT "events".* FROM "events" WHERE "events"."id" = ? LIMIT ?[0m  [["id", 2], ["LIMIT", 1]]
  ↳ app/controllers/events_controller.rb:63:in `set_event'
  Rendering layout layouts/application.html.erb
  Rendering events/show.html.erb within layouts/application
  Rendered events/_event.html.erb (Duration: 0.2ms | Allocations: 39)
  Rendered events/show.html.erb within layouts/application (Duration: 1.3ms | Allocations: 593)
  Rendered layout layouts/application.html.erb (Duration: 18.9ms | Allocations: 2769)
Completed 200 OK in 35ms (Views: 28.4ms | ActiveRecord: 2.9ms | Allocations: 3531)


Started GET "/events" for 127.0.0.1 at 2023-11-28 00:55:40 -0500
Processing by EventsController#index as HTML
  Rendering layout layouts/application.html.erb
  Rendering events/index.html.erb within layouts/application
  [1m[36mEvent Load (0.1ms)[0m  [1m[34mSELECT "events".* FROM "events"[0m
  ↳ app/views/events/index.html.erb:6
  Rendered events/_event.html.erb (Duration: 0.2ms | Allocations: 39)
  Rendered events/index.html.erb within layouts/application (Duration: 6.2ms | Allocations: 862)
  Rendered layout layouts/application.html.erb (Duration: 17.1ms | Allocations: 3059)
Completed 200 OK in 28ms (Views: 26.7ms | ActiveRecord: 0.1ms | Allocations: 3388)


Started GET "/events/2" for 127.0.0.1 at 2023-11-28 00:55:42 -0500
Processing by EventsController#show as HTML
  Parameters: {"id"=>"2"}
  [1m[36mEvent Load (5.2ms)[0m  [1m[34mSELECT "events".* FROM "events" WHERE "events"."id" = ? LIMIT ?[0m  [["id", 2], ["LIMIT", 1]]
  ↳ app/controllers/events_controller.rb:63:in `set_event'
  Rendering layout layouts/application.html.erb
  Rendering events/show.html.erb within layouts/application
  Rendered events/_event.html.erb (Duration: 0.1ms | Allocations: 39)
  Rendered events/show.html.erb within layouts/application (Duration: 3.9ms | Allocations: 585)
  Rendered layout layouts/application.html.erb (Duration: 26.0ms | Allocations: 2761)
Completed 200 OK in 40ms (Views: 31.5ms | ActiveRecord: 5.2ms | Allocations: 3523)


Started GET "/events" for 127.0.0.1 at 2023-11-28 00:55:46 -0500
Processing by EventsController#index as HTML
  Rendering layout layouts/application.html.erb
  Rendering events/index.html.erb within layouts/application
  [1m[36mEvent Load (0.2ms)[0m  [1m[34mSELECT "events".* FROM "events"[0m
  ↳ app/views/events/index.html.erb:6
  Rendered events/_event.html.erb (Duration: 0.2ms | Allocations: 39)
  Rendered events/index.html.erb within layouts/application (Duration: 11.4ms | Allocations: 862)
  Rendered layout layouts/application.html.erb (Duration: 34.5ms | Allocations: 3059)
Completed 200 OK in 57ms (Views: 56.1ms | ActiveRecord: 0.2ms | Allocations: 3388)


Started GET "/tickets" for 127.0.0.1 at 2023-11-28 00:55:53 -0500
Processing by TicketsController#index as HTML
  Rendering layout layouts/application.html.erb
  Rendering tickets/index.html.erb within layouts/application
  [1m[36mTicket Load (0.2ms)[0m  [1m[34mSELECT "tickets".* FROM "tickets"[0m
  ↳ app/views/tickets/index.html.erb:6
  Rendered tickets/_ticket.html.erb (Duration: 8.2ms | Allocations: 363)
  Rendered tickets/_ticket.html.erb (Duration: 0.1ms | Allocations: 28)
  Rendered tickets/index.html.erb within layouts/application (Duration: 43.9ms | Allocations: 4159)
  Rendered layout layouts/application.html.erb (Duration: 49.7ms | Allocations: 6558)
Completed 200 OK in 65ms (Views: 63.1ms | ActiveRecord: 0.2ms | Allocations: 8082)


Started GET "/tickets/1" for 127.0.0.1 at 2023-11-28 00:55:55 -0500
Processing by TicketsController#show as HTML
  Parameters: {"id"=>"1"}
  [1m[36mTicket Load (0.4ms)[0m  [1m[34mSELECT "tickets".* FROM "tickets" WHERE "tickets"."id" = ? LIMIT ?[0m  [["id", 1], ["LIMIT", 1]]
  ↳ app/controllers/tickets_controller.rb:63:in `set_ticket'
  Rendering layout layouts/application.html.erb
  Rendering tickets/show.html.erb within layouts/application
  Rendered tickets/_ticket.html.erb (Duration: 0.2ms | Allocations: 29)
  Rendered tickets/show.html.erb within layouts/application (Duration: 3.3ms | Allocations: 823)
  Rendered layout layouts/application.html.erb (Duration: 13.0ms | Allocations: 2999)
Completed 200 OK in 27ms (Views: 16.0ms | ActiveRecord: 0.4ms | Allocations: 4544)


